This is pdfTeX, Version 3.1415926-2.4-1.40.13 (TeX Live 2012) (format=pdflatex 2012.6.30)  7 MAY 2014 05:42
entering extended mode
 restricted \write18 enabled.
 file:line:error style messages enabled.
 %&-line parsing enabled.
**01_Final_Report.tex
(./01_Final_Report.tex
LaTeX2e <2011/06/27>
Babel <v3.8m> and hyphenation patterns for english, dumylang, nohyphenation, ge
rman-x-2012-05-30, ngerman-x-2012-05-30, afrikaans, ancientgreek, ibycus, arabi
c, armenian, basque, bulgarian, catalan, pinyin, coptic, croatian, czech, danis
h, dutch, ukenglish, usenglishmax, esperanto, estonian, ethiopic, farsi, finnis
h, french, friulan, galician, german, ngerman, swissgerman, monogreek, greek, h
ungarian, icelandic, assamese, bengali, gujarati, hindi, kannada, malayalam, ma
rathi, oriya, panjabi, tamil, telugu, indonesian, interlingua, irish, italian, 
kurmanji, latin, latvian, lithuanian, mongolian, mongolianlmc, bokmal, nynorsk,
 polish, portuguese, romanian, romansh, russian, sanskrit, serbian, serbianc, s
lovak, slovenian, spanish, swedish, turkish, turkmen, ukrainian, uppersorbian, 
welsh, loaded.
(/usr/local/texlive/2012/texmf-dist/tex/latex/base/article.cls
Document Class: article 2007/10/19 v1.4h Standard LaTeX document class
(/usr/local/texlive/2012/texmf-dist/tex/latex/base/size10.clo
File: size10.clo 2007/10/19 v1.4h Standard LaTeX file (size option)
)
\c@part=\count79
\c@section=\count80
\c@subsection=\count81
\c@subsubsection=\count82
\c@paragraph=\count83
\c@subparagraph=\count84
\c@figure=\count85
\c@table=\count86
\abovecaptionskip=\skip41
\belowcaptionskip=\skip42
\bibindent=\dimen102
)
(/usr/local/texlive/2012/texmf-dist/tex/latex/amsmath/amsmath.sty
Package: amsmath 2000/07/18 v2.13 AMS math features
\@mathmargin=\skip43

For additional information on amsmath, use the `?' option.
(/usr/local/texlive/2012/texmf-dist/tex/latex/amsmath/amstext.sty
Package: amstext 2000/06/29 v2.01

(/usr/local/texlive/2012/texmf-dist/tex/latex/amsmath/amsgen.sty
File: amsgen.sty 1999/11/30 v2.0
\@emptytoks=\toks14
\ex@=\dimen103
))
(/usr/local/texlive/2012/texmf-dist/tex/latex/amsmath/amsbsy.sty
Package: amsbsy 1999/11/29 v1.2d
\pmbraise@=\dimen104
)
(/usr/local/texlive/2012/texmf-dist/tex/latex/amsmath/amsopn.sty
Package: amsopn 1999/12/14 v2.01 operator names
)
\inf@bad=\count87
LaTeX Info: Redefining \frac on input line 211.
\uproot@=\count88
\leftroot@=\count89
LaTeX Info: Redefining \overline on input line 307.
\classnum@=\count90
\DOTSCASE@=\count91
LaTeX Info: Redefining \ldots on input line 379.
LaTeX Info: Redefining \dots on input line 382.
LaTeX Info: Redefining \cdots on input line 467.
\Mathstrutbox@=\box26
\strutbox@=\box27
\big@size=\dimen105
LaTeX Font Info:    Redeclaring font encoding OML on input line 567.
LaTeX Font Info:    Redeclaring font encoding OMS on input line 568.
\macc@depth=\count92
\c@MaxMatrixCols=\count93
\dotsspace@=\muskip10
\c@parentequation=\count94
\dspbrk@lvl=\count95
\tag@help=\toks15
\row@=\count96
\column@=\count97
\maxfields@=\count98
\andhelp@=\toks16
\eqnshift@=\dimen106
\alignsep@=\dimen107
\tagshift@=\dimen108
\tagwidth@=\dimen109
\totwidth@=\dimen110
\lineht@=\dimen111
\@envbody=\toks17
\multlinegap=\skip44
\multlinetaggap=\skip45
\mathdisplay@stack=\toks18
LaTeX Info: Redefining \[ on input line 2666.
LaTeX Info: Redefining \] on input line 2667.
)
(/usr/local/texlive/2012/texmf-dist/tex/latex/pdfpages/pdfpages.sty
Package: pdfpages 2012/04/03 v0.4s Insert pages of external PDF documents (AM)

(/usr/local/texlive/2012/texmf-dist/tex/latex/base/ifthen.sty
Package: ifthen 2001/05/26 v1.1c Standard LaTeX ifthen package (DPC)
)
(/usr/local/texlive/2012/texmf-dist/tex/latex/tools/calc.sty
Package: calc 2007/08/22 v4.3 Infix arithmetic (KKT,FJ)
\calc@Acount=\count99
\calc@Bcount=\count100
\calc@Adimen=\dimen112
\calc@Bdimen=\dimen113
\calc@Askip=\skip46
\calc@Bskip=\skip47
LaTeX Info: Redefining \setlength on input line 76.
LaTeX Info: Redefining \addtolength on input line 77.
\calc@Ccount=\count101
\calc@Cskip=\skip48
)
(/usr/local/texlive/2012/texmf-dist/tex/latex/eso-pic/eso-pic.sty
Package: eso-pic 2010/10/06 v2.0c eso-pic (RN)

(/usr/local/texlive/2012/texmf-dist/tex/generic/oberdiek/atbegshi.sty
Package: atbegshi 2011/10/05 v1.16 At begin shipout hook (HO)

(/usr/local/texlive/2012/texmf-dist/tex/generic/oberdiek/infwarerr.sty
Package: infwarerr 2010/04/08 v1.3 Providing info/warning/error messages (HO)
)
(/usr/local/texlive/2012/texmf-dist/tex/generic/oberdiek/ltxcmds.sty
Package: ltxcmds 2011/11/09 v1.22 LaTeX kernel commands for general use (HO)
)
(/usr/local/texlive/2012/texmf-dist/tex/generic/oberdiek/ifpdf.sty
Package: ifpdf 2011/01/30 v2.3 Provides the ifpdf switch (HO)
Package ifpdf Info: pdfTeX in PDF mode is detected.
))
(/usr/local/texlive/2012/texmf-dist/tex/latex/graphics/keyval.sty
Package: keyval 1999/03/16 v1.13 key=value parser (DPC)
\KV@toks@=\toks19
)
(/usr/local/texlive/2012/texmf-dist/tex/latex/xcolor/xcolor.sty
Package: xcolor 2007/01/21 v2.11 LaTeX color extensions (UK)

(/usr/local/texlive/2012/texmf-dist/tex/latex/latexconfig/color.cfg
File: color.cfg 2007/01/18 v1.5 color configuration of teTeX/TeXLive
)
Package xcolor Info: Driver file: pdftex.def on input line 225.

(/usr/local/texlive/2012/texmf-dist/tex/latex/pdftex-def/pdftex.def
File: pdftex.def 2011/05/27 v0.06d Graphics/color for pdfTeX
\Gread@gobject=\count102
)
Package xcolor Info: Model `cmy' substituted by `cmy0' on input line 1337.
Package xcolor Info: Model `hsb' substituted by `rgb' on input line 1341.
Package xcolor Info: Model `RGB' extended on input line 1353.
Package xcolor Info: Model `HTML' substituted by `rgb' on input line 1355.
Package xcolor Info: Model `Hsb' substituted by `hsb' on input line 1356.
Package xcolor Info: Model `tHsb' substituted by `hsb' on input line 1357.
Package xcolor Info: Model `HSB' substituted by `hsb' on input line 1358.
Package xcolor Info: Model `Gray' substituted by `gray' on input line 1359.
Package xcolor Info: Model `wave' substituted by `hsb' on input line 1360.
))
(/usr/local/texlive/2012/texmf-dist/tex/latex/graphics/graphicx.sty
Package: graphicx 1999/02/16 v1.0f Enhanced LaTeX Graphics (DPC,SPQR)

(/usr/local/texlive/2012/texmf-dist/tex/latex/graphics/graphics.sty
Package: graphics 2009/02/05 v1.0o Standard LaTeX Graphics (DPC,SPQR)

(/usr/local/texlive/2012/texmf-dist/tex/latex/graphics/trig.sty
Package: trig 1999/03/16 v1.09 sin cos tan (DPC)
)
(/usr/local/texlive/2012/texmf-dist/tex/latex/latexconfig/graphics.cfg
File: graphics.cfg 2010/04/23 v1.9 graphics configuration of TeX Live
)
Package graphics Info: Driver file: pdftex.def on input line 91.
)
\Gin@req@height=\dimen114
\Gin@req@width=\dimen115
)
(/usr/local/texlive/2012/texmf-dist/tex/latex/pdfpages/pppdftex.def
File: pppdftex.def 2012/04/03 v0.4s Pdfpages driver for pdfTeX (AM)
)
\AM@pagebox=\box28
\AM@toc@title=\toks20
\c@AM@survey=\count103
\AM@templatesizebox=\box29
)
(/usr/local/texlive/2012/texmf-dist/tex/latex/amsfonts/amsfonts.sty
Package: amsfonts 2009/06/22 v3.00 Basic AMSFonts support
\symAMSa=\mathgroup4
\symAMSb=\mathgroup5
LaTeX Font Info:    Overwriting math alphabet `\mathfrak' in version `bold'
(Font)                  U/euf/m/n --> U/euf/b/n on input line 96.
)
(/usr/local/texlive/2012/texmf-dist/tex/latex/mh/mathtools.sty
Package: mathtools 2012/04/24 v1.12 mathematical typesetting tools

(/usr/local/texlive/2012/texmf-dist/tex/latex/mh/mhsetup.sty
Package: mhsetup 2010/01/21 v1.2a programming setup (MH)
)
\g_MT_multlinerow_int=\count104
\l_MT_multwidth_dim=\dimen116
\origjot=\skip49
\l_MT_shortvdotswithinadjustabove_dim=\dimen117
\l_MT_shortvdotswithinadjustbelow_dim=\dimen118
\l_MT_above_intertext_dim=\dimen119
\l_MT_below_intertext_dim=\dimen120
\l_MT_above_shortintertext_dim=\dimen121
\l_MT_below_shortintertext_dim=\dimen122
)
(/usr/local/texlive/2012/texmf-dist/tex/latex/fancyhdr/fancyhdr.sty
\fancy@headwidth=\skip50
\f@ncyO@elh=\skip51
\f@ncyO@erh=\skip52
\f@ncyO@olh=\skip53
\f@ncyO@orh=\skip54
\f@ncyO@elf=\skip55
\f@ncyO@erf=\skip56
\f@ncyO@olf=\skip57
\f@ncyO@orf=\skip58
)
(/usr/local/texlive/2012/texmf-dist/tex/latex/tools/indentfirst.sty
Package: indentfirst 1995/11/23 v1.03 Indent first paragraph (DPC)
)
(/usr/local/texlive/2012/texmf-dist/tex/latex/setspace/setspace.sty
Package: setspace 2011/12/19 v6.7a set line spacing
)
(/usr/local/texlive/2012/texmf-dist/tex/latex/geometry/geometry.sty
Package: geometry 2010/09/12 v5.6 Page Geometry

(/usr/local/texlive/2012/texmf-dist/tex/generic/oberdiek/ifvtex.sty
Package: ifvtex 2010/03/01 v1.5 Detect VTeX and its facilities (HO)
Package ifvtex Info: VTeX not detected.
)
(/usr/local/texlive/2012/texmf-dist/tex/generic/ifxetex/ifxetex.sty
Package: ifxetex 2010/09/12 v0.6 Provides ifxetex conditional
)
\Gm@cnth=\count105
\Gm@cntv=\count106
\c@Gm@tempcnt=\count107
\Gm@bindingoffset=\dimen123
\Gm@wd@mp=\dimen124
\Gm@odd@mp=\dimen125
\Gm@even@mp=\dimen126
\Gm@layoutwidth=\dimen127
\Gm@layoutheight=\dimen128
\Gm@layouthoffset=\dimen129
\Gm@layoutvoffset=\dimen130
\Gm@dimlist=\toks21
)
(./01_Final_Report.aux)
\openout1 = `01_Final_Report.aux'.

LaTeX Font Info:    Checking defaults for OML/cmm/m/it on input line 13.
LaTeX Font Info:    ... okay on input line 13.
LaTeX Font Info:    Checking defaults for T1/cmr/m/n on input line 13.
LaTeX Font Info:    ... okay on input line 13.
LaTeX Font Info:    Checking defaults for OT1/cmr/m/n on input line 13.
LaTeX Font Info:    ... okay on input line 13.
LaTeX Font Info:    Checking defaults for OMS/cmsy/m/n on input line 13.
LaTeX Font Info:    ... okay on input line 13.
LaTeX Font Info:    Checking defaults for OMX/cmex/m/n on input line 13.
LaTeX Font Info:    ... okay on input line 13.
LaTeX Font Info:    Checking defaults for U/cmr/m/n on input line 13.
LaTeX Font Info:    ... okay on input line 13.
\AtBeginShipoutBox=\box30

(/usr/local/texlive/2012/texmf-dist/tex/context/base/supp-pdf.mkii
[Loading MPS to PDF converter (version 2006.09.02).]
\scratchcounter=\count108
\scratchdimen=\dimen131
\scratchbox=\box31
\nofMPsegments=\count109
\nofMParguments=\count110
\everyMPshowfont=\toks22
\MPscratchCnt=\count111
\MPscratchDim=\dimen132
\MPnumerator=\count112
\makeMPintoPDFobject=\count113
\everyMPtoPDFconversion=\toks23
) (/usr/local/texlive/2012/texmf-dist/tex/generic/oberdiek/pdftexcmds.sty
Package: pdftexcmds 2011/11/29 v0.20 Utility functions of pdfTeX for LuaTeX (HO
)

(/usr/local/texlive/2012/texmf-dist/tex/generic/oberdiek/ifluatex.sty
Package: ifluatex 2010/03/01 v1.3 Provides the ifluatex switch (HO)
Package ifluatex Info: LuaTeX not detected.
)
Package pdftexcmds Info: LuaTeX not detected.
Package pdftexcmds Info: \pdf@primitive is available.
Package pdftexcmds Info: \pdf@ifprimitive is available.
Package pdftexcmds Info: \pdfdraftmode found.
)
(/usr/local/texlive/2012/texmf-dist/tex/latex/oberdiek/epstopdf-base.sty
Package: epstopdf-base 2010/02/09 v2.5 Base part for package epstopdf

(/usr/local/texlive/2012/texmf-dist/tex/latex/oberdiek/grfext.sty
Package: grfext 2010/08/19 v1.1 Manage graphics extensions (HO)

(/usr/local/texlive/2012/texmf-dist/tex/generic/oberdiek/kvdefinekeys.sty
Package: kvdefinekeys 2011/04/07 v1.3 Define keys (HO)
))
(/usr/local/texlive/2012/texmf-dist/tex/latex/oberdiek/kvoptions.sty
Package: kvoptions 2011/06/30 v3.11 Key value format for package options (HO)

(/usr/local/texlive/2012/texmf-dist/tex/generic/oberdiek/kvsetkeys.sty
Package: kvsetkeys 2012/04/25 v1.16 Key value parser (HO)

(/usr/local/texlive/2012/texmf-dist/tex/generic/oberdiek/etexcmds.sty
Package: etexcmds 2011/02/16 v1.5 Avoid name clashes with e-TeX commands (HO)
Package etexcmds Info: Could not find \expanded.
(etexcmds)             That can mean that you are not using pdfTeX 1.50 or
(etexcmds)             that some package has redefined \expanded.
(etexcmds)             In the latter case, load this package earlier.
)))
Package grfext Info: Graphics extension search list:
(grfext)             [.png,.pdf,.jpg,.mps,.jpeg,.jbig2,.jb2,.PNG,.PDF,.JPG,.JPE
G,.JBIG2,.JB2,.eps]
(grfext)             \AppendGraphicsExtensions on input line 452.

(/usr/local/texlive/2012/texmf-dist/tex/latex/latexconfig/epstopdf-sys.cfg
File: epstopdf-sys.cfg 2010/07/13 v1.3 Configuration of (r)epstopdf for TeX Liv
e
))
*geometry* driver: auto-detecting
*geometry* detected driver: pdftex
*geometry* verbose mode - [ preamble ] result:
* driver: pdftex
* paper: <default>
* layout: <same size as paper>
* layoutoffset:(h,v)=(0.0pt,0.0pt)
* modes: 
* h-part:(L,W,R)=(72.26999pt, 469.75502pt, 72.26999pt)
* v-part:(T,H,B)=(72.26999pt, 650.43001pt, 72.26999pt)
* \paperwidth=614.295pt
* \paperheight=794.96999pt
* \textwidth=469.75502pt
* \textheight=650.43001pt
* \oddsidemargin=0.0pt
* \evensidemargin=0.0pt
* \topmargin=-37.0pt
* \headheight=12.0pt
* \headsep=25.0pt
* \topskip=10.0pt
* \footskip=30.0pt
* \marginparwidth=65.0pt
* \marginparsep=11.0pt
* \columnsep=10.0pt
* \skip\footins=9.0pt plus 4.0pt minus 2.0pt
* \hoffset=0.0pt
* \voffset=0.0pt
* \mag=1000
* \@twocolumnfalse
* \@twosidefalse
* \@mparswitchfalse
* \@reversemarginfalse
* (1in=72.27pt=25.4mm, 1cm=28.453pt)

LaTeX Font Info:    Try loading font information for U+msa on input line 20.
(/usr/local/texlive/2012/texmf-dist/tex/latex/amsfonts/umsa.fd
File: umsa.fd 2009/06/22 v3.00 AMS symbols A
)
LaTeX Font Info:    Try loading font information for U+msb on input line 20.

(/usr/local/texlive/2012/texmf-dist/tex/latex/amsfonts/umsb.fd
File: umsb.fd 2009/06/22 v3.00 AMS symbols B
)
<MarginWinProb.pdf, id=1, 433.62pt x 289.08pt>
File: MarginWinProb.pdf Graphic file (type pdf)
 <use MarginWinProb.pdf>
Package pdftex.def Info: MarginWinProb.pdf used on input line 49.
(pdftex.def)             Requested size: 433.61894pt x 289.07928pt.
 [1

{/usr/local/texlive/2012/texmf-var/fonts/map/pdftex/updmap/pdftex.map}] [2 <./M
arginWinProb.pdf>] [3] <OffTeamperSeason.pdf, id=50, 433.62pt x 289.08pt>
File: OffTeamperSeason.pdf Graphic file (type pdf)

<use OffTeamperSeason.pdf>
Package pdftex.def Info: OffTeamperSeason.pdf used on input line 62.
(pdftex.def)             Requested size: 433.61894pt x 289.07928pt.
 [4]
<DefTeamperSeason.pdf, id=54, 433.62pt x 289.08pt>
File: DefTeamperSeason.pdf Graphic file (type pdf)
 <use DefTeamperSeason.pdf>
Package pdftex.def Info: DefTeamperSeason.pdf used on input line 67.
(pdftex.def)             Requested size: 433.61894pt x 289.07928pt.

[5 <./OffTeamperSeason.pdf> <./DefTeamperSeason.pdf

pdfTeX warning: /usr/texbin/pdflatex (file ./DefTeamperSeason.pdf): PDF inclusi
on: multiple pdfs with page group included in a single page
>] <OffRankperSeason.pdf, id=119, 433.62pt x 289.08pt>
File: OffRankperSeason.pdf Graphic file (type pdf)

<use OffRankperSeason.pdf>
Package pdftex.def Info: OffRankperSeason.pdf used on input line 79.
(pdftex.def)             Requested size: 433.61894pt x 289.07928pt.
 <DefRankperSeason.pdf, id=120, 433.62pt x 289.08pt>
File: DefRankperSeason.pdf Graphic file (type pdf)

<use DefRankperSeason.pdf>
Package pdftex.def Info: DefRankperSeason.pdf used on input line 84.
(pdftex.def)             Requested size: 433.61894pt x 289.07928pt.
 [6 <./OffRankperSeason.pdf>]
Underfull \hbox (badness 10000) in paragraph at lines 89--90

 []

[7 <./DefRankperSeason.pdf>]
Underfull \hbox (badness 10000) in paragraph at lines 93--95

 []

<Table_FieldGoal.png, id=198, 637.38126pt x 261.97874pt>
File: Table_FieldGoal.png Graphic file (type png)

<use Table_FieldGoal.png>
Package pdftex.def Info: Table_FieldGoal.png used on input line 101.
(pdftex.def)             Requested size: 478.03477pt x 196.48357pt.

Overfull \hbox (8.27975pt too wide) in paragraph at lines 101--102
 [][] 
 []

[8 <./Table_FieldGoal.png>] <fieldgoalprob.pdf, id=202, 433.62pt x 289.08pt>
File: fieldgoalprob.pdf Graphic file (type pdf)

<use fieldgoalprob.pdf>
Package pdftex.def Info: fieldgoalprob.pdf used on input line 109.
(pdftex.def)             Requested size: 433.61894pt x 289.07928pt.
 [9 <./fieldgoalprob.pdf>]
Missing character: There is no Õ in font cmr10!
 [10]
<Table_GoForIt.png, id=244, 659.46375pt x 420.57124pt>
File: Table_GoForIt.png Graphic file (type png)
 <use Table_GoForIt.png>
Package pdftex.def Info: Table_GoForIt.png used on input line 126.
(pdftex.def)             Requested size: 494.59659pt x 315.42766pt.

Overfull \hbox (24.84157pt too wide) in paragraph at lines 126--127
 [][] 
 []

[11 <./Table_GoForIt.png>] <gfi_15_15_prob.pdf, id=248, 433.62pt x 289.08pt>
File: gfi_15_15_prob.pdf Graphic file (type pdf)

<use gfi_15_15_prob.pdf>
Package pdftex.def Info: gfi_15_15_prob.pdf used on input line 134.
(pdftex.def)             Requested size: 433.61894pt x 289.07928pt.
 [12 <./gfi_15_15_prob.pdf>]
<gfi_1_25_prob.pdf, id=304, 433.62pt x 289.08pt>
File: gfi_1_25_prob.pdf Graphic file (type pdf)
 <use gfi_1_25_prob.pdf>
Package pdftex.def Info: gfi_1_25_prob.pdf used on input line 145.
(pdftex.def)             Requested size: 433.61894pt x 289.07928pt.

[13 <./gfi_1_25_prob.pdf>]
<Table_ScoreLogit.png, id=362, 506.89375pt x 513.92pt>
File: Table_ScoreLogit.png Graphic file (type png)

<use Table_ScoreLogit.png>
Package pdftex.def Info: Table_ScoreLogit.png used on input line 158.
(pdftex.def)             Requested size: 380.16939pt x 385.43904pt.
 [14 <./Table_ScoreLogit.png>]
<Table_PuntLogit.png, id=366, 525.965pt x 512.91624pt>
File: Table_PuntLogit.png Graphic file (type png)

<use Table_PuntLogit.png>
Package pdftex.def Info: Table_PuntLogit.png used on input line 169.
(pdftex.def)             Requested size: 394.47276pt x 384.68623pt.
 [15 <./Table_PuntLogit.png>] [16]
Missing character: There is no Õ in font cmr10!
 [17] [18]
<Decision2015161516.png, id=380, 433.62pt x 289.08pt>
File: Decision2015161516.png Graphic file (type png)

<use Decision2015161516.png>
Package pdftex.def Info: Decision2015161516.png used on input line 202.
(pdftex.def)             Requested size: 303.53192pt x 202.35461pt.

<Decision5015161516.png, id=382, 433.62pt x 289.08pt>
File: Decision5015161516.png Graphic file (type png)

<use Decision5015161516.png>
Package pdftex.def Info: Decision5015161516.png used on input line 207.
(pdftex.def)             Requested size: 303.53192pt x 202.35461pt.

<Decision8015161516.png, id=383, 433.62pt x 289.08pt>
File: Decision8015161516.png Graphic file (type png)

<use Decision8015161516.png>
Package pdftex.def Info: Decision8015161516.png used on input line 213.
(pdftex.def)             Requested size: 303.53192pt x 202.35461pt.
 [19 <./Decision2015161516.png> <./Decision5015161516.png> <./Decision801516151
6.png>]
Missing character: There is no Õ in font cmr10!

<GridBlock112525.png, id=391, 841.1425pt x 390.45876pt>
File: GridBlock112525.png Graphic file (type png)

<use GridBlock112525.png>
Package pdftex.def Info: GridBlock112525.png used on input line 223.
(pdftex.def)             Requested size: 420.57022pt x 195.2289pt.
 [20 <./GridBlock112525.png>]
<GridBlock15151515.png, id=395, 838.13126pt x 386.44376pt>
File: GridBlock15151515.png Graphic file (type png)

<use GridBlock15151515.png>
Package pdftex.def Info: GridBlock15151515.png used on input line 233.
(pdftex.def)             Requested size: 419.0646pt x 193.2214pt.
Missing character: There is no Õ in font cmr10!

<GridBlock252511.png, id=396, 839.135pt x 369.38pt>
File: GridBlock252511.png Graphic file (type png)
 <use GridBlock252511.png>
Package pdftex.def Info: GridBlock252511.png used on input line 241.
(pdftex.def)             Requested size: 419.56647pt x 184.68954pt.

[21 <./GridBlock15151515.png> <./GridBlock252511.png>]
Missing character: There is no Õ in font cmr10!

<GridBlockActual.png, id=400, 932.48375pt x 434.62375pt>
File: GridBlockActual.png Graphic file (type png)

<use GridBlockActual.png>
Package pdftex.def Info: GridBlockActual.png used on input line 249.
(pdftex.def)             Requested size: 466.24074pt x 217.31134pt.
Missing character: There is no Õ in font cmr10!
Missing character: There is no Õ in font cmr10!
 [22 <./GridBlockActual.png>] [23]
(./01_Final_Report.aux) ) 
Here is how much of TeX's memory you used:
 4581 strings out of 493488
 66228 string characters out of 3141326
 149501 words of memory out of 3000000
 7788 multiletter control sequences out of 15000+200000
 11855 words of font info for 46 fonts, out of 3000000 for 9000
 957 hyphenation exceptions out of 8191
 38i,12n,43p,2550b,285s stack positions out of 5000i,500n,10000p,200000b,50000s
</usr/local/texlive/2012/texmf-dist/fonts/type1/public
/amsfonts/cm/cmbx12.pfb></usr/local/texlive/2012/texmf-dist/fonts/type1/public/
amsfonts/cm/cmmi10.pfb></usr/local/texlive/2012/texmf-dist/fonts/type1/public/a
msfonts/cm/cmmi7.pfb></usr/local/texlive/2012/texmf-dist/fonts/type1/public/ams
fonts/cm/cmr10.pfb></usr/local/texlive/2012/texmf-dist/fonts/type1/public/amsfo
nts/cm/cmr12.pfb></usr/local/texlive/2012/texmf-dist/fonts/type1/public/amsfont
s/cm/cmsy10.pfb>
Output written on 01_Final_Report.pdf (23 pages, 622709 bytes).
PDF statistics:
 429 PDF objects out of 1000 (max. 8388607)
 118 compressed objects within 2 object streams
 0 named destinations out of 1000 (max. 500000)
 96 words of extra memory for PDF output out of 10000 (max. 10000000)

