This is pdfTeX, Version 3.1415926-2.4-1.40.13 (TeX Live 2012) (format=pdflatex 2012.6.30)  28 APR 2014 22:54
entering extended mode
 restricted \write18 enabled.
 %&-line parsing enabled.
**NFL-Go-For-It!.tex
(./NFL-Go-For-It!.tex
LaTeX2e <2011/06/27>
Babel <v3.8m> and hyphenation patterns for english, dumylang, nohyphenation, ge
rman-x-2012-05-30, ngerman-x-2012-05-30, afrikaans, ancientgreek, ibycus, arabi
c, armenian, basque, bulgarian, catalan, pinyin, coptic, croatian, czech, danis
h, dutch, ukenglish, usenglishmax, esperanto, estonian, ethiopic, farsi, finnis
h, french, friulan, galician, german, ngerman, swissgerman, monogreek, greek, h
ungarian, icelandic, assamese, bengali, gujarati, hindi, kannada, malayalam, ma
rathi, oriya, panjabi, tamil, telugu, indonesian, interlingua, irish, italian, 
kurmanji, latin, latvian, lithuanian, mongolian, mongolianlmc, bokmal, nynorsk,
 polish, portuguese, romanian, romansh, russian, sanskrit, serbian, serbianc, s
lovak, slovenian, spanish, swedish, turkish, turkmen, ukrainian, uppersorbian, 
welsh, loaded.
(/anaconda/lib/python2.7/site-packages/sphinx/texinputs/sphinxhowto.cls

LaTeX Warning: You have requested document class `/anaconda/lib/python2.7/site-
packages/sphinx/texinputs/sphinxhowto',
               but the document class provides `sphinxhowto'.

Document Class: sphinxhowto 2009/06/02 Document class (Sphinx HOWTO)
(/usr/local/texlive/2012/texmf-dist/tex/latex/base/article.cls
Document Class: article 2007/10/19 v1.4h Standard LaTeX document class
(/usr/local/texlive/2012/texmf-dist/tex/latex/base/size10.clo
File: size10.clo 2007/10/19 v1.4h Standard LaTeX file (size option)
)
\c@part=\count79
\c@section=\count80
\c@subsection=\count81
\c@subsubsection=\count82
\c@paragraph=\count83
\c@subparagraph=\count84
\c@figure=\count85
\c@table=\count86
\abovecaptionskip=\skip41
\belowcaptionskip=\skip42
\bibindent=\dimen102
))
(/usr/local/texlive/2012/texmf-dist/tex/latex/base/inputenc.sty
Package: inputenc 2008/03/30 v1.1d Input encoding file
\inpenc@prehook=\toks14
\inpenc@posthook=\toks15

(/usr/local/texlive/2012/texmf-dist/tex/latex/base/utf8.def
File: utf8.def 2008/04/05 v1.1m UTF-8 support for inputenc
Now handling font encoding OML ...
... no UTF-8 mapping file for font encoding OML
Now handling font encoding T1 ...
... processing UTF-8 mapping file for font encoding T1

(/usr/local/texlive/2012/texmf-dist/tex/latex/base/t1enc.dfu
File: t1enc.dfu 2008/04/05 v1.1m UTF-8 support for inputenc
   defining Unicode char U+00A1 (decimal 161)
   defining Unicode char U+00A3 (decimal 163)
   defining Unicode char U+00AB (decimal 171)
   defining Unicode char U+00BB (decimal 187)
   defining Unicode char U+00BF (decimal 191)
   defining Unicode char U+00C0 (decimal 192)
   defining Unicode char U+00C1 (decimal 193)
   defining Unicode char U+00C2 (decimal 194)
   defining Unicode char U+00C3 (decimal 195)
   defining Unicode char U+00C4 (decimal 196)
   defining Unicode char U+00C5 (decimal 197)
   defining Unicode char U+00C6 (decimal 198)
   defining Unicode char U+00C7 (decimal 199)
   defining Unicode char U+00C8 (decimal 200)
   defining Unicode char U+00C9 (decimal 201)
   defining Unicode char U+00CA (decimal 202)
   defining Unicode char U+00CB (decimal 203)
   defining Unicode char U+00CC (decimal 204)
   defining Unicode char U+00CD (decimal 205)
   defining Unicode char U+00CE (decimal 206)
   defining Unicode char U+00CF (decimal 207)
   defining Unicode char U+00D0 (decimal 208)
   defining Unicode char U+00D1 (decimal 209)
   defining Unicode char U+00D2 (decimal 210)
   defining Unicode char U+00D3 (decimal 211)
   defining Unicode char U+00D4 (decimal 212)
   defining Unicode char U+00D5 (decimal 213)
   defining Unicode char U+00D6 (decimal 214)
   defining Unicode char U+00D8 (decimal 216)
   defining Unicode char U+00D9 (decimal 217)
   defining Unicode char U+00DA (decimal 218)
   defining Unicode char U+00DB (decimal 219)
   defining Unicode char U+00DC (decimal 220)
   defining Unicode char U+00DD (decimal 221)
   defining Unicode char U+00DE (decimal 222)
   defining Unicode char U+00DF (decimal 223)
   defining Unicode char U+00E0 (decimal 224)
   defining Unicode char U+00E1 (decimal 225)
   defining Unicode char U+00E2 (decimal 226)
   defining Unicode char U+00E3 (decimal 227)
   defining Unicode char U+00E4 (decimal 228)
   defining Unicode char U+00E5 (decimal 229)
   defining Unicode char U+00E6 (decimal 230)
   defining Unicode char U+00E7 (decimal 231)
   defining Unicode char U+00E8 (decimal 232)
   defining Unicode char U+00E9 (decimal 233)
   defining Unicode char U+00EA (decimal 234)
   defining Unicode char U+00EB (decimal 235)
   defining Unicode char U+00EC (decimal 236)
   defining Unicode char U+00ED (decimal 237)
   defining Unicode char U+00EE (decimal 238)
   defining Unicode char U+00EF (decimal 239)
   defining Unicode char U+00F0 (decimal 240)
   defining Unicode char U+00F1 (decimal 241)
   defining Unicode char U+00F2 (decimal 242)
   defining Unicode char U+00F3 (decimal 243)
   defining Unicode char U+00F4 (decimal 244)
   defining Unicode char U+00F5 (decimal 245)
   defining Unicode char U+00F6 (decimal 246)
   defining Unicode char U+00F8 (decimal 248)
   defining Unicode char U+00F9 (decimal 249)
   defining Unicode char U+00FA (decimal 250)
   defining Unicode char U+00FB (decimal 251)
   defining Unicode char U+00FC (decimal 252)
   defining Unicode char U+00FD (decimal 253)
   defining Unicode char U+00FE (decimal 254)
   defining Unicode char U+00FF (decimal 255)
   defining Unicode char U+0102 (decimal 258)
   defining Unicode char U+0103 (decimal 259)
   defining Unicode char U+0104 (decimal 260)
   defining Unicode char U+0105 (decimal 261)
   defining Unicode char U+0106 (decimal 262)
   defining Unicode char U+0107 (decimal 263)
   defining Unicode char U+010C (decimal 268)
   defining Unicode char U+010D (decimal 269)
   defining Unicode char U+010E (decimal 270)
   defining Unicode char U+010F (decimal 271)
   defining Unicode char U+0110 (decimal 272)
   defining Unicode char U+0111 (decimal 273)
   defining Unicode char U+0118 (decimal 280)
   defining Unicode char U+0119 (decimal 281)
   defining Unicode char U+011A (decimal 282)
   defining Unicode char U+011B (decimal 283)
   defining Unicode char U+011E (decimal 286)
   defining Unicode char U+011F (decimal 287)
   defining Unicode char U+0130 (decimal 304)
   defining Unicode char U+0131 (decimal 305)
   defining Unicode char U+0132 (decimal 306)
   defining Unicode char U+0133 (decimal 307)
   defining Unicode char U+0139 (decimal 313)
   defining Unicode char U+013A (decimal 314)
   defining Unicode char U+013D (decimal 317)
   defining Unicode char U+013E (decimal 318)
   defining Unicode char U+0141 (decimal 321)
   defining Unicode char U+0142 (decimal 322)
   defining Unicode char U+0143 (decimal 323)
   defining Unicode char U+0144 (decimal 324)
   defining Unicode char U+0147 (decimal 327)
   defining Unicode char U+0148 (decimal 328)
   defining Unicode char U+014A (decimal 330)
   defining Unicode char U+014B (decimal 331)
   defining Unicode char U+0150 (decimal 336)
   defining Unicode char U+0151 (decimal 337)
   defining Unicode char U+0152 (decimal 338)
   defining Unicode char U+0153 (decimal 339)
   defining Unicode char U+0154 (decimal 340)
   defining Unicode char U+0155 (decimal 341)
   defining Unicode char U+0158 (decimal 344)
   defining Unicode char U+0159 (decimal 345)
   defining Unicode char U+015A (decimal 346)
   defining Unicode char U+015B (decimal 347)
   defining Unicode char U+015E (decimal 350)
   defining Unicode char U+015F (decimal 351)
   defining Unicode char U+0160 (decimal 352)
   defining Unicode char U+0161 (decimal 353)
   defining Unicode char U+0162 (decimal 354)
   defining Unicode char U+0163 (decimal 355)
   defining Unicode char U+0164 (decimal 356)
   defining Unicode char U+0165 (decimal 357)
   defining Unicode char U+016E (decimal 366)
   defining Unicode char U+016F (decimal 367)
   defining Unicode char U+0170 (decimal 368)
   defining Unicode char U+0171 (decimal 369)
   defining Unicode char U+0178 (decimal 376)
   defining Unicode char U+0179 (decimal 377)
   defining Unicode char U+017A (decimal 378)
   defining Unicode char U+017B (decimal 379)
   defining Unicode char U+017C (decimal 380)
   defining Unicode char U+017D (decimal 381)
   defining Unicode char U+017E (decimal 382)
   defining Unicode char U+200C (decimal 8204)
   defining Unicode char U+2013 (decimal 8211)
   defining Unicode char U+2014 (decimal 8212)
   defining Unicode char U+2018 (decimal 8216)
   defining Unicode char U+2019 (decimal 8217)
   defining Unicode char U+201A (decimal 8218)
   defining Unicode char U+201C (decimal 8220)
   defining Unicode char U+201D (decimal 8221)
   defining Unicode char U+201E (decimal 8222)
   defining Unicode char U+2030 (decimal 8240)
   defining Unicode char U+2031 (decimal 8241)
   defining Unicode char U+2039 (decimal 8249)
   defining Unicode char U+203A (decimal 8250)
   defining Unicode char U+2423 (decimal 9251)
)
Now handling font encoding OT1 ...
... processing UTF-8 mapping file for font encoding OT1

(/usr/local/texlive/2012/texmf-dist/tex/latex/base/ot1enc.dfu
File: ot1enc.dfu 2008/04/05 v1.1m UTF-8 support for inputenc
   defining Unicode char U+00A1 (decimal 161)
   defining Unicode char U+00A3 (decimal 163)
   defining Unicode char U+00B8 (decimal 184)
   defining Unicode char U+00BF (decimal 191)
   defining Unicode char U+00C5 (decimal 197)
   defining Unicode char U+00C6 (decimal 198)
   defining Unicode char U+00D8 (decimal 216)
   defining Unicode char U+00DF (decimal 223)
   defining Unicode char U+00E6 (decimal 230)
   defining Unicode char U+00EC (decimal 236)
   defining Unicode char U+00ED (decimal 237)
   defining Unicode char U+00EE (decimal 238)
   defining Unicode char U+00EF (decimal 239)
   defining Unicode char U+00F8 (decimal 248)
   defining Unicode char U+0131 (decimal 305)
   defining Unicode char U+0141 (decimal 321)
   defining Unicode char U+0142 (decimal 322)
   defining Unicode char U+0152 (decimal 338)
   defining Unicode char U+0153 (decimal 339)
   defining Unicode char U+2013 (decimal 8211)
   defining Unicode char U+2014 (decimal 8212)
   defining Unicode char U+2018 (decimal 8216)
   defining Unicode char U+2019 (decimal 8217)
   defining Unicode char U+201C (decimal 8220)
   defining Unicode char U+201D (decimal 8221)
)
Now handling font encoding OMS ...
... processing UTF-8 mapping file for font encoding OMS

(/usr/local/texlive/2012/texmf-dist/tex/latex/base/omsenc.dfu
File: omsenc.dfu 2008/04/05 v1.1m UTF-8 support for inputenc
   defining Unicode char U+00A7 (decimal 167)
   defining Unicode char U+00B6 (decimal 182)
   defining Unicode char U+00B7 (decimal 183)
   defining Unicode char U+2020 (decimal 8224)
   defining Unicode char U+2021 (decimal 8225)
   defining Unicode char U+2022 (decimal 8226)
)
Now handling font encoding OMX ...
... no UTF-8 mapping file for font encoding OMX
Now handling font encoding U ...
... no UTF-8 mapping file for font encoding U
   defining Unicode char U+00A9 (decimal 169)
   defining Unicode char U+00AA (decimal 170)
   defining Unicode char U+00AE (decimal 174)
   defining Unicode char U+00BA (decimal 186)
   defining Unicode char U+02C6 (decimal 710)
   defining Unicode char U+02DC (decimal 732)
   defining Unicode char U+200C (decimal 8204)
   defining Unicode char U+2026 (decimal 8230)
   defining Unicode char U+2122 (decimal 8482)
   defining Unicode char U+2423 (decimal 9251)
))
   defining Unicode char U+00A0 (decimal 160)

(/usr/local/texlive/2012/texmf-dist/tex/latex/base/fontenc.sty
Package: fontenc 2005/09/27 v1.99g Standard LaTeX package

(/usr/local/texlive/2012/texmf-dist/tex/latex/base/t1enc.def
File: t1enc.def 2005/09/27 v1.99g Standard LaTeX file
LaTeX Font Info:    Redeclaring font encoding T1 on input line 43.
))
(/usr/local/texlive/2012/texmf-dist/tex/generic/babel/babel.sty
Package: babel 2008/07/08 v3.8m The Babel package

(/usr/local/texlive/2012/texmf-dist/tex/generic/babel/english.ldf
Language: english 2005/03/30 v3.3o English support from the babel system

(/usr/local/texlive/2012/texmf-dist/tex/generic/babel/babel.def
File: babel.def 2008/07/08 v3.8m Babel common definitions
\babel@savecnt=\count87
\U@D=\dimen103
)
\l@canadian = a dialect from \language\l@american 
\l@australian = a dialect from \language\l@british 
\l@newzealand = a dialect from \language\l@british 
))
(/usr/local/texlive/2012/texmf-dist/tex/latex/psnfss/times.sty
Package: times 2005/04/12 PSNFSS-v9.2a (SPQR) 
)
(/usr/local/texlive/2012/texmf-dist/tex/latex/import/import.sty
Package: import 2009/03/23  v 5.1
)
(/anaconda/lib/python2.7/site-packages/sphinx/texinputs/fncychap.sty

LaTeX Warning: You have requested package `/anaconda/lib/python2.7/site-package
s/sphinx/texinputs/fncychap',
               but the package provides `fncychap'.

Package: fncychap 2007/07/30 v1.34 LaTeX package (Revised chapters)
\RW=\skip43
\mylen=\skip44
\myhi=\skip45
\px=\skip46
\py=\skip47
\pyy=\skip48
\pxx=\skip49
\c@AlphaCnt=\count88
\c@AlphaDecCnt=\count89
) (/usr/local/texlive/2012/texmf-dist/tex/latex/tools/longtable.sty
Package: longtable 2004/02/01 v4.11 Multi-page Table package (DPC)
\LTleft=\skip50
\LTright=\skip51
\LTpre=\skip52
\LTpost=\skip53
\LTchunksize=\count90
\LTcapwidth=\dimen104
\LT@head=\box26
\LT@firsthead=\box27
\LT@foot=\box28
\LT@lastfoot=\box29
\LT@cols=\count91
\LT@rows=\count92
\c@LT@tables=\count93
\c@LT@chunks=\count94
\LT@p@ftn=\toks16
)
(/anaconda/lib/python2.7/site-packages/sphinx/texinputs/sphinx.sty

LaTeX Warning: You have requested package `/anaconda/lib/python2.7/site-package
s/sphinx/texinputs/sphinx',
               but the package provides `sphinx'.

Package: sphinx 2010/01/15 LaTeX package (Sphinx markup)
(/usr/local/texlive/2012/texmf-dist/tex/latex/fancyhdr/fancyhdr.sty
\fancy@headwidth=\skip54
\f@ncyO@elh=\skip55
\f@ncyO@erh=\skip56
\f@ncyO@olh=\skip57
\f@ncyO@orh=\skip58
\f@ncyO@elf=\skip59
\f@ncyO@erf=\skip60
\f@ncyO@olf=\skip61
\f@ncyO@orf=\skip62
)
(/usr/local/texlive/2012/texmf-dist/tex/latex/base/textcomp.sty
Package: textcomp 2005/09/27 v1.99g Standard LaTeX package
Package textcomp Info: Sub-encoding information:
(textcomp)               5 = only ISO-Adobe without \textcurrency
(textcomp)               4 = 5 + \texteuro
(textcomp)               3 = 4 + \textohm
(textcomp)               2 = 3 + \textestimated + \textcurrency
(textcomp)               1 = TS1 - \textcircled - \t
(textcomp)               0 = TS1 (full)
(textcomp)             Font families with sub-encoding setting implement
(textcomp)             only a restricted character set as indicated.
(textcomp)             Family '?' is the default used for unknown fonts.
(textcomp)             See the documentation for details.
Package textcomp Info: Setting ? sub-encoding to TS1/1 on input line 71.

(/usr/local/texlive/2012/texmf-dist/tex/latex/base/ts1enc.def
File: ts1enc.def 2001/06/05 v3.0e (jk/car/fm) Standard LaTeX file
Now handling font encoding TS1 ...
... processing UTF-8 mapping file for font encoding TS1

(/usr/local/texlive/2012/texmf-dist/tex/latex/base/ts1enc.dfu
File: ts1enc.dfu 2008/04/05 v1.1m UTF-8 support for inputenc
   defining Unicode char U+00A2 (decimal 162)
   defining Unicode char U+00A3 (decimal 163)
   defining Unicode char U+00A4 (decimal 164)
   defining Unicode char U+00A5 (decimal 165)
   defining Unicode char U+00A6 (decimal 166)
   defining Unicode char U+00A7 (decimal 167)
   defining Unicode char U+00A8 (decimal 168)
   defining Unicode char U+00A9 (decimal 169)
   defining Unicode char U+00AA (decimal 170)
   defining Unicode char U+00AC (decimal 172)
   defining Unicode char U+00AE (decimal 174)
   defining Unicode char U+00AF (decimal 175)
   defining Unicode char U+00B0 (decimal 176)
   defining Unicode char U+00B1 (decimal 177)
   defining Unicode char U+00B2 (decimal 178)
   defining Unicode char U+00B3 (decimal 179)
   defining Unicode char U+00B4 (decimal 180)
   defining Unicode char U+00B5 (decimal 181)
   defining Unicode char U+00B6 (decimal 182)
   defining Unicode char U+00B7 (decimal 183)
   defining Unicode char U+00B9 (decimal 185)
   defining Unicode char U+00BA (decimal 186)
   defining Unicode char U+00BC (decimal 188)
   defining Unicode char U+00BD (decimal 189)
   defining Unicode char U+00BE (decimal 190)
   defining Unicode char U+00D7 (decimal 215)
   defining Unicode char U+00F7 (decimal 247)
   defining Unicode char U+0192 (decimal 402)
   defining Unicode char U+02C7 (decimal 711)
   defining Unicode char U+02D8 (decimal 728)
   defining Unicode char U+02DD (decimal 733)
   defining Unicode char U+0E3F (decimal 3647)
   defining Unicode char U+2016 (decimal 8214)
   defining Unicode char U+2020 (decimal 8224)
   defining Unicode char U+2021 (decimal 8225)
   defining Unicode char U+2022 (decimal 8226)
   defining Unicode char U+2030 (decimal 8240)
   defining Unicode char U+2031 (decimal 8241)
   defining Unicode char U+203B (decimal 8251)
   defining Unicode char U+203D (decimal 8253)
   defining Unicode char U+2044 (decimal 8260)
   defining Unicode char U+204E (decimal 8270)
   defining Unicode char U+2052 (decimal 8274)
   defining Unicode char U+20A1 (decimal 8353)
   defining Unicode char U+20A4 (decimal 8356)
   defining Unicode char U+20A6 (decimal 8358)
   defining Unicode char U+20A9 (decimal 8361)
   defining Unicode char U+20AB (decimal 8363)
   defining Unicode char U+20AC (decimal 8364)
   defining Unicode char U+20B1 (decimal 8369)
   defining Unicode char U+2103 (decimal 8451)
   defining Unicode char U+2116 (decimal 8470)
   defining Unicode char U+2117 (decimal 8471)
   defining Unicode char U+211E (decimal 8478)
   defining Unicode char U+2120 (decimal 8480)
   defining Unicode char U+2122 (decimal 8482)
   defining Unicode char U+2126 (decimal 8486)
   defining Unicode char U+2127 (decimal 8487)
   defining Unicode char U+212E (decimal 8494)
   defining Unicode char U+2190 (decimal 8592)
   defining Unicode char U+2191 (decimal 8593)
   defining Unicode char U+2192 (decimal 8594)
   defining Unicode char U+2193 (decimal 8595)
   defining Unicode char U+2329 (decimal 9001)
   defining Unicode char U+232A (decimal 9002)
   defining Unicode char U+2422 (decimal 9250)
   defining Unicode char U+25E6 (decimal 9702)
   defining Unicode char U+25EF (decimal 9711)
   defining Unicode char U+266A (decimal 9834)
))
LaTeX Info: Redefining \oldstylenums on input line 266.
Package textcomp Info: Setting cmr sub-encoding to TS1/0 on input line 281.
Package textcomp Info: Setting cmss sub-encoding to TS1/0 on input line 282.
Package textcomp Info: Setting cmtt sub-encoding to TS1/0 on input line 283.
Package textcomp Info: Setting cmvtt sub-encoding to TS1/0 on input line 284.
Package textcomp Info: Setting cmbr sub-encoding to TS1/0 on input line 285.
Package textcomp Info: Setting cmtl sub-encoding to TS1/0 on input line 286.
Package textcomp Info: Setting ccr sub-encoding to TS1/0 on input line 287.
Package textcomp Info: Setting ptm sub-encoding to TS1/4 on input line 288.
Package textcomp Info: Setting pcr sub-encoding to TS1/4 on input line 289.
Package textcomp Info: Setting phv sub-encoding to TS1/4 on input line 290.
Package textcomp Info: Setting ppl sub-encoding to TS1/3 on input line 291.
Package textcomp Info: Setting pag sub-encoding to TS1/4 on input line 292.
Package textcomp Info: Setting pbk sub-encoding to TS1/4 on input line 293.
Package textcomp Info: Setting pnc sub-encoding to TS1/4 on input line 294.
Package textcomp Info: Setting pzc sub-encoding to TS1/4 on input line 295.
Package textcomp Info: Setting bch sub-encoding to TS1/4 on input line 296.
Package textcomp Info: Setting put sub-encoding to TS1/5 on input line 297.
Package textcomp Info: Setting uag sub-encoding to TS1/5 on input line 298.
Package textcomp Info: Setting ugq sub-encoding to TS1/5 on input line 299.
Package textcomp Info: Setting ul8 sub-encoding to TS1/4 on input line 300.
Package textcomp Info: Setting ul9 sub-encoding to TS1/4 on input line 301.
Package textcomp Info: Setting augie sub-encoding to TS1/5 on input line 302.
Package textcomp Info: Setting dayrom sub-encoding to TS1/3 on input line 303.
Package textcomp Info: Setting dayroms sub-encoding to TS1/3 on input line 304.

Package textcomp Info: Setting pxr sub-encoding to TS1/0 on input line 305.
Package textcomp Info: Setting pxss sub-encoding to TS1/0 on input line 306.
Package textcomp Info: Setting pxtt sub-encoding to TS1/0 on input line 307.
Package textcomp Info: Setting txr sub-encoding to TS1/0 on input line 308.
Package textcomp Info: Setting txss sub-encoding to TS1/0 on input line 309.
Package textcomp Info: Setting txtt sub-encoding to TS1/0 on input line 310.
Package textcomp Info: Setting lmr sub-encoding to TS1/0 on input line 311.
Package textcomp Info: Setting lmdh sub-encoding to TS1/0 on input line 312.
Package textcomp Info: Setting lmss sub-encoding to TS1/0 on input line 313.
Package textcomp Info: Setting lmssq sub-encoding to TS1/0 on input line 314.
Package textcomp Info: Setting lmvtt sub-encoding to TS1/0 on input line 315.
Package textcomp Info: Setting qhv sub-encoding to TS1/0 on input line 316.
Package textcomp Info: Setting qag sub-encoding to TS1/0 on input line 317.
Package textcomp Info: Setting qbk sub-encoding to TS1/0 on input line 318.
Package textcomp Info: Setting qcr sub-encoding to TS1/0 on input line 319.
Package textcomp Info: Setting qcs sub-encoding to TS1/0 on input line 320.
Package textcomp Info: Setting qpl sub-encoding to TS1/0 on input line 321.
Package textcomp Info: Setting qtm sub-encoding to TS1/0 on input line 322.
Package textcomp Info: Setting qzc sub-encoding to TS1/0 on input line 323.
Package textcomp Info: Setting qhvc sub-encoding to TS1/0 on input line 324.
Package textcomp Info: Setting futs sub-encoding to TS1/4 on input line 325.
Package textcomp Info: Setting futx sub-encoding to TS1/4 on input line 326.
Package textcomp Info: Setting futj sub-encoding to TS1/4 on input line 327.
Package textcomp Info: Setting hlh sub-encoding to TS1/3 on input line 328.
Package textcomp Info: Setting hls sub-encoding to TS1/3 on input line 329.
Package textcomp Info: Setting hlst sub-encoding to TS1/3 on input line 330.
Package textcomp Info: Setting hlct sub-encoding to TS1/5 on input line 331.
Package textcomp Info: Setting hlx sub-encoding to TS1/5 on input line 332.
Package textcomp Info: Setting hlce sub-encoding to TS1/5 on input line 333.
Package textcomp Info: Setting hlcn sub-encoding to TS1/5 on input line 334.
Package textcomp Info: Setting hlcw sub-encoding to TS1/5 on input line 335.
Package textcomp Info: Setting hlcf sub-encoding to TS1/5 on input line 336.
Package textcomp Info: Setting pplx sub-encoding to TS1/3 on input line 337.
Package textcomp Info: Setting pplj sub-encoding to TS1/3 on input line 338.
Package textcomp Info: Setting ptmx sub-encoding to TS1/4 on input line 339.
Package textcomp Info: Setting ptmj sub-encoding to TS1/4 on input line 340.
)
(/usr/local/texlive/2012/texmf-dist/tex/latex/fancybox/fancybox.sty
Package: fancybox 2010/05/15 1.4

Style option: `fancybox' v1.4 <2010/05/15> (tvz)
\@fancybox=\box30
\shadowsize=\dimen105
\@Sbox=\box31
\do@VerbBox=\toks17
\the@fancyput=\toks18
\this@fancyput=\toks19
\EndVerbatimTokens=\toks20
\Verbatim@Outfile=\write3
\Verbatim@Infile=\read1
) (/usr/local/texlive/2012/texmf-dist/tex/latex/titlesec/titlesec.sty
Package: titlesec 2011/12/15 v2.10.0 Sectioning titles
\ttl@box=\box32
\beforetitleunit=\skip63
\aftertitleunit=\skip64
\ttl@plus=\dimen106
\ttl@minus=\dimen107
\ttl@toksa=\toks21
\titlewidth=\dimen108
\titlewidthlast=\dimen109
\titlewidthfirst=\dimen110
)
(/usr/local/texlive/2012/texmf-dist/tex/latex/tabulary/tabulary.sty
Package: tabulary 2008/12/01 v0.9 tabulary package (DPC)

(/usr/local/texlive/2012/texmf-dist/tex/latex/tools/array.sty
Package: array 2008/09/09 v2.4c Tabular extension package (FMi)
\col@sep=\dimen111
\extrarowheight=\dimen112
\NC@list=\toks22
\extratabsurround=\skip65
\backup@length=\skip66
)
\TY@count=\count95
\TY@linewidth=\dimen113
\tymin=\dimen114
\tymax=\dimen115
\TY@tablewidth=\dimen116
)
(/usr/local/texlive/2012/texmf-dist/tex/latex/amsmath/amsmath.sty
Package: amsmath 2000/07/18 v2.13 AMS math features
\@mathmargin=\skip67

For additional information on amsmath, use the `?' option.
(/usr/local/texlive/2012/texmf-dist/tex/latex/amsmath/amstext.sty
Package: amstext 2000/06/29 v2.01

(/usr/local/texlive/2012/texmf-dist/tex/latex/amsmath/amsgen.sty
File: amsgen.sty 1999/11/30 v2.0
\@emptytoks=\toks23
\ex@=\dimen117
))
(/usr/local/texlive/2012/texmf-dist/tex/latex/amsmath/amsbsy.sty
Package: amsbsy 1999/11/29 v1.2d
\pmbraise@=\dimen118
)
(/usr/local/texlive/2012/texmf-dist/tex/latex/amsmath/amsopn.sty
Package: amsopn 1999/12/14 v2.01 operator names
)
\inf@bad=\count96
LaTeX Info: Redefining \frac on input line 211.
\uproot@=\count97
\leftroot@=\count98
LaTeX Info: Redefining \overline on input line 307.
\classnum@=\count99
\DOTSCASE@=\count100
LaTeX Info: Redefining \ldots on input line 379.
LaTeX Info: Redefining \dots on input line 382.
LaTeX Info: Redefining \cdots on input line 467.
\Mathstrutbox@=\box33
\strutbox@=\box34
\big@size=\dimen119
LaTeX Font Info:    Redeclaring font encoding OML on input line 567.
LaTeX Font Info:    Redeclaring font encoding OMS on input line 568.
\macc@depth=\count101
\c@MaxMatrixCols=\count102
\dotsspace@=\muskip10
\c@parentequation=\count103
\dspbrk@lvl=\count104
\tag@help=\toks24
\row@=\count105
\column@=\count106
\maxfields@=\count107
\andhelp@=\toks25
\eqnshift@=\dimen120
\alignsep@=\dimen121
\tagshift@=\dimen122
\tagwidth@=\dimen123
\totwidth@=\dimen124
\lineht@=\dimen125
\@envbody=\toks26
\multlinegap=\skip68
\multlinetaggap=\skip69
\mathdisplay@stack=\toks27
LaTeX Info: Redefining \[ on input line 2666.
LaTeX Info: Redefining \] on input line 2667.
)
(/usr/local/texlive/2012/texmf-dist/tex/latex/base/makeidx.sty
Package: makeidx 2000/03/29 v1.0m Standard LaTeX package
)
(/usr/local/texlive/2012/texmf-dist/tex/latex/framed/framed.sty
Package: framed 2011/10/22 v 0.96: framed or shaded text with page breaks
\OuterFrameSep=\skip70
\fb@frw=\dimen126
\fb@frh=\dimen127
\FrameRule=\dimen128
\FrameSep=\dimen129
)
(/usr/local/texlive/2012/texmf-dist/tex/latex/base/ifthen.sty
Package: ifthen 2001/05/26 v1.1c Standard LaTeX ifthen package (DPC)
)
(/usr/local/texlive/2012/texmf-dist/tex/latex/graphics/color.sty
Package: color 2005/11/14 v1.0j Standard LaTeX Color (DPC)

(/usr/local/texlive/2012/texmf-dist/tex/latex/latexconfig/color.cfg
File: color.cfg 2007/01/18 v1.5 color configuration of teTeX/TeXLive
)
Package color Info: Driver file: pdftex.def on input line 130.

(/usr/local/texlive/2012/texmf-dist/tex/latex/pdftex-def/pdftex.def
File: pdftex.def 2011/05/27 v0.06d Graphics/color for pdfTeX

(/usr/local/texlive/2012/texmf-dist/tex/generic/oberdiek/infwarerr.sty
Package: infwarerr 2010/04/08 v1.3 Providing info/warning/error messages (HO)
)
(/usr/local/texlive/2012/texmf-dist/tex/generic/oberdiek/ltxcmds.sty
Package: ltxcmds 2011/11/09 v1.22 LaTeX kernel commands for general use (HO)
)
\Gread@gobject=\count108
))
(/usr/local/texlive/2012/texmf-dist/tex/latex/fancyvrb/fancyvrb.sty
Package: fancyvrb 2008/02/07

Style option: `fancyvrb' v2.7a, with DG/SPQR fixes, and firstline=lastline fix 
<2008/02/07> (tvz)
(/usr/local/texlive/2012/texmf-dist/tex/latex/graphics/keyval.sty
Package: keyval 1999/03/16 v1.13 key=value parser (DPC)
\KV@toks@=\toks28
)
\FV@CodeLineNo=\count109
\FV@InFile=\read2
\FV@TabBox=\box35
\c@FancyVerbLine=\count110
\FV@StepNumber=\count111
\FV@OutFile=\write4
)
(/usr/local/texlive/2012/texmf-dist/tex/latex/threeparttable/threeparttable.sty
Package: threeparttable 2003/06/13  v 3.0
\@tempboxb=\box36
) (/usr/local/texlive/2012/texmf-dist/tex/latex/mdwtools/footnote.sty
Package: footnote 1997/01/28 1.13 Save footnotes around boxes
\fn@notes=\box37
\fn@width=\dimen130
)
(/usr/local/texlive/2012/texmf-dist/tex/latex/wrapfig/wrapfig.sty
\wrapoverhang=\dimen131
\WF@size=\dimen132
\c@WF@wrappedlines=\count112
\WF@box=\box38
\WF@everypar=\toks29
Package: wrapfig 2003/01/31  v 3.6
)
(/usr/local/texlive/2012/texmf-dist/tex/latex/parskip/parskip.sty
Package: parskip 2001/04/09 non-zero parskip adjustments
)
(/usr/local/texlive/2012/texmf-dist/tex/latex/base/alltt.sty
Package: alltt 1997/06/16 v2.0g defines alltt environment
)
(/usr/local/texlive/2012/texmf-dist/tex/latex/graphics/graphicx.sty
Package: graphicx 1999/02/16 v1.0f Enhanced LaTeX Graphics (DPC,SPQR)

(/usr/local/texlive/2012/texmf-dist/tex/latex/graphics/graphics.sty
Package: graphics 2009/02/05 v1.0o Standard LaTeX Graphics (DPC,SPQR)

(/usr/local/texlive/2012/texmf-dist/tex/latex/graphics/trig.sty
Package: trig 1999/03/16 v1.09 sin cos tan (DPC)
)
(/usr/local/texlive/2012/texmf-dist/tex/latex/latexconfig/graphics.cfg
File: graphics.cfg 2010/04/23 v1.9 graphics configuration of TeX Live
)
Package graphics Info: Driver file: pdftex.def on input line 91.
)
\Gin@req@height=\dimen133
\Gin@req@width=\dimen134
)
(/usr/local/texlive/2012/texmf-dist/tex/plain/misc/pdfcolor.tex)
\distancetoright=\skip71
\py@argswidth=\skip72
\py@noticelength=\skip73
\lineblockindentation=\skip74
\image@box=\box39
\image@width=\dimen135

(/usr/local/texlive/2012/texmf-dist/tex/latex/hyperref/hyperref.sty
Package: hyperref 2012/05/13 v6.82q Hypertext links for LaTeX

(/usr/local/texlive/2012/texmf-dist/tex/generic/oberdiek/hobsub-hyperref.sty
Package: hobsub-hyperref 2012/05/28 v1.13 Bundle oberdiek, subset hyperref (HO)


(/usr/local/texlive/2012/texmf-dist/tex/generic/oberdiek/hobsub-generic.sty
Package: hobsub-generic 2012/05/28 v1.13 Bundle oberdiek, subset generic (HO)
Package: hobsub 2012/05/28 v1.13 Construct package bundles (HO)
Package hobsub Info: Skipping package `infwarerr' (already loaded).
Package hobsub Info: Skipping package `ltxcmds' (already loaded).
Package: ifluatex 2010/03/01 v1.3 Provides the ifluatex switch (HO)
Package ifluatex Info: LuaTeX not detected.
Package: ifvtex 2010/03/01 v1.5 Detect VTeX and its facilities (HO)
Package ifvtex Info: VTeX not detected.
Package: intcalc 2007/09/27 v1.1 Expandable calculations with integers (HO)
Package: ifpdf 2011/01/30 v2.3 Provides the ifpdf switch (HO)
Package ifpdf Info: pdfTeX in PDF mode is detected.
Package: etexcmds 2011/02/16 v1.5 Avoid name clashes with e-TeX commands (HO)
Package etexcmds Info: Could not find \expanded.
(etexcmds)             That can mean that you are not using pdfTeX 1.50 or
(etexcmds)             that some package has redefined \expanded.
(etexcmds)             In the latter case, load this package earlier.
Package: kvsetkeys 2012/04/25 v1.16 Key value parser (HO)
Package: kvdefinekeys 2011/04/07 v1.3 Define keys (HO)
Package: pdftexcmds 2011/11/29 v0.20 Utility functions of pdfTeX for LuaTeX (HO
)
Package pdftexcmds Info: LuaTeX not detected.
Package pdftexcmds Info: \pdf@primitive is available.
Package pdftexcmds Info: \pdf@ifprimitive is available.
Package pdftexcmds Info: \pdfdraftmode found.
Package: pdfescape 2011/11/25 v1.13 Implements pdfTeX's escape features (HO)
Package: bigintcalc 2012/04/08 v1.3 Expandable calculations on big integers (HO
)
Package: bitset 2011/01/30 v1.1 Handle bit-vector datatype (HO)
Package: uniquecounter 2011/01/30 v1.2 Provide unlimited unique counter (HO)
)
Package hobsub Info: Skipping package `hobsub' (already loaded).
Package: letltxmacro 2010/09/02 v1.4 Let assignment for LaTeX macros (HO)
Package: hopatch 2012/05/28 v1.2 Wrapper for package hooks (HO)
Package: xcolor-patch 2011/01/30 xcolor patch
Package: atveryend 2011/06/30 v1.8 Hooks at the very end of document (HO)
Package atveryend Info: \enddocument detected (standard20110627).
Package: atbegshi 2011/10/05 v1.16 At begin shipout hook (HO)
Package: refcount 2011/10/16 v3.4 Data extraction from label references (HO)
Package: hycolor 2011/01/30 v1.7 Color options for hyperref/bookmark (HO)
)
(/usr/local/texlive/2012/texmf-dist/tex/generic/ifxetex/ifxetex.sty
Package: ifxetex 2010/09/12 v0.6 Provides ifxetex conditional
)
(/usr/local/texlive/2012/texmf-dist/tex/latex/oberdiek/kvoptions.sty
Package: kvoptions 2011/06/30 v3.11 Key value format for package options (HO)
)
\@linkdim=\dimen136
\Hy@linkcounter=\count113
\Hy@pagecounter=\count114

(/usr/local/texlive/2012/texmf-dist/tex/latex/hyperref/pd1enc.def
File: pd1enc.def 2012/05/13 v6.82q Hyperref: PDFDocEncoding definition (HO)
Now handling font encoding PD1 ...
... no UTF-8 mapping file for font encoding PD1
)
\Hy@SavedSpaceFactor=\count115

(/usr/local/texlive/2012/texmf-dist/tex/latex/latexconfig/hyperref.cfg
File: hyperref.cfg 2002/06/06 v1.2 hyperref configuration of TeXLive
)
Package hyperref Info: Option `colorlinks' set `true' on input line 3941.
Package hyperref Info: Option `breaklinks' set `true' on input line 3941.
Package hyperref Info: Hyper figures OFF on input line 4062.
Package hyperref Info: Link nesting OFF on input line 4067.
Package hyperref Info: Hyper index ON on input line 4070.
Package hyperref Info: Plain pages OFF on input line 4077.
Package hyperref Info: Backreferencing OFF on input line 4082.
Package hyperref Info: Implicit mode ON; LaTeX internals redefined.
Package hyperref Info: Bookmarks ON on input line 4300.
\c@Hy@tempcnt=\count116

(/usr/local/texlive/2012/texmf-dist/tex/latex/url/url.sty
\Urlmuskip=\muskip11
Package: url 2006/04/12  ver 3.3  Verb mode for urls, etc.
)
LaTeX Info: Redefining \url on input line 4653.
\Fld@menulength=\count117
\Field@Width=\dimen137
\Fld@charsize=\dimen138
Package hyperref Info: Hyper figures OFF on input line 5773.
Package hyperref Info: Link nesting OFF on input line 5778.
Package hyperref Info: Hyper index ON on input line 5781.
Package hyperref Info: backreferencing OFF on input line 5788.
Package hyperref Info: Link coloring ON on input line 5791.
Package hyperref Info: Link coloring with OCG OFF on input line 5798.
Package hyperref Info: PDF/A mode OFF on input line 5803.
LaTeX Info: Redefining \ref on input line 5843.
LaTeX Info: Redefining \pageref on input line 5847.
\Hy@abspage=\count118
\c@Item=\count119
\c@Hfootnote=\count120
)

Package hyperref Message: Driver (autodetected): hpdftex.

(/usr/local/texlive/2012/texmf-dist/tex/latex/hyperref/hpdftex.def
File: hpdftex.def 2012/05/13 v6.82q Hyperref driver for pdfTeX
\Fld@listcount=\count121
\c@bookmark@seq@number=\count122

(/usr/local/texlive/2012/texmf-dist/tex/latex/oberdiek/rerunfilecheck.sty
Package: rerunfilecheck 2011/04/15 v1.7 Rerun checks for auxiliary files (HO)
Package uniquecounter Info: New unique counter `rerunfilecheck' on input line 2
82.
)
\Hy@SectionHShift=\skip75
)
(/usr/local/texlive/2012/texmf-dist/tex/latex/oberdiek/hypcap.sty
Package: hypcap 2011/02/16 v1.11 Adjusting the anchors of captions (HO)
)
\DUlineblockindent=\skip76
)
(/usr/local/texlive/2012/texmf-dist/tex/latex/multirow/multirow.sty
\bigstrutjot=\dimen139
)
(/usr/local/texlive/2012/texmf-dist/tex/latex/amsfonts/amssymb.sty
Package: amssymb 2009/06/22 v3.00

(/usr/local/texlive/2012/texmf-dist/tex/latex/amsfonts/amsfonts.sty
Package: amsfonts 2009/06/22 v3.00 Basic AMSFonts support
\symAMSa=\mathgroup4
\symAMSb=\mathgroup5
LaTeX Font Info:    Overwriting math alphabet `\mathfrak' in version `bold'
(Font)                  U/euf/m/n --> U/euf/b/n on input line 96.
))
(/usr/local/texlive/2012/texmf-dist/tex/latex/ucs/ucs.sty
Package: ucs 2004/10/17 UCS: Unicode input support

(/usr/local/texlive/2012/texmf-dist/tex/latex/ucs/data/uni-global.def
File: uni-global.def 2012/04/20 UCS: Unicode global data
)
\uc@secondtry=\count123
\uc@combtoks=\toks30
\uc@combtoksb=\toks31
\uc@temptokena=\toks32
)
(/usr/local/texlive/2012/texmf-dist/tex/latex/tools/enumerate.sty
Package: enumerate 1999/03/05 v3.00 enumerate extensions (DPC)
\@enLab=\toks33
)
(/usr/local/texlive/2012/texmf-dist/tex/latex/needspace/needspace.sty
Package: needspace 2010/09/12 v1.3c reserve vertical space
)
(/usr/local/texlive/2012/texmf-dist/tex/latex/pgf/frontendlayer/tikz.sty
(/usr/local/texlive/2012/texmf-dist/tex/latex/pgf/basiclayer/pgf.sty
(/usr/local/texlive/2012/texmf-dist/tex/latex/pgf/utilities/pgfrcs.sty
(/usr/local/texlive/2012/texmf-dist/tex/generic/pgf/utilities/pgfutil-common.te
x
\pgfutil@everybye=\toks34
)
(/usr/local/texlive/2012/texmf-dist/tex/generic/pgf/utilities/pgfutil-latex.def
\pgfutil@abb=\box40
(/usr/local/texlive/2012/texmf-dist/tex/latex/ms/everyshi.sty
Package: everyshi 2001/05/15 v3.00 EveryShipout Package (MS)
))
(/usr/local/texlive/2012/texmf-dist/tex/generic/pgf/utilities/pgfrcs.code.tex
Package: pgfrcs 2010/10/25 v2.10 (rcs-revision 1.24)
))
Package: pgf 2008/01/15 v2.10 (rcs-revision 1.12)
(/usr/local/texlive/2012/texmf-dist/tex/latex/pgf/basiclayer/pgfcore.sty
(/usr/local/texlive/2012/texmf-dist/tex/latex/pgf/systemlayer/pgfsys.sty
(/usr/local/texlive/2012/texmf-dist/tex/generic/pgf/systemlayer/pgfsys.code.tex
Package: pgfsys 2010/06/30 v2.10 (rcs-revision 1.37)
(/usr/local/texlive/2012/texmf-dist/tex/generic/pgf/utilities/pgfkeys.code.tex
\pgfkeys@pathtoks=\toks35
\pgfkeys@temptoks=\toks36

(/usr/local/texlive/2012/texmf-dist/tex/generic/pgf/utilities/pgfkeysfiltered.c
ode.tex
\pgfkeys@tmptoks=\toks37
))
\pgf@x=\dimen140
\pgf@y=\dimen141
\pgf@xa=\dimen142
\pgf@ya=\dimen143
\pgf@xb=\dimen144
\pgf@yb=\dimen145
\pgf@xc=\dimen146
\pgf@yc=\dimen147
\w@pgf@writea=\write5
\r@pgf@reada=\read3
\c@pgf@counta=\count124
\c@pgf@countb=\count125
\c@pgf@countc=\count126
\c@pgf@countd=\count127

(/usr/local/texlive/2012/texmf-dist/tex/generic/pgf/systemlayer/pgf.cfg
File: pgf.cfg 2008/05/14  (rcs-revision 1.7)
)
Package pgfsys Info: Driver file for pgf: pgfsys-pdftex.def on input line 900.

(/usr/local/texlive/2012/texmf-dist/tex/generic/pgf/systemlayer/pgfsys-pdftex.d
ef
File: pgfsys-pdftex.def 2009/05/22  (rcs-revision 1.26)

(/usr/local/texlive/2012/texmf-dist/tex/generic/pgf/systemlayer/pgfsys-common-p
df.def
File: pgfsys-common-pdf.def 2008/05/19  (rcs-revision 1.10)
)))
(/usr/local/texlive/2012/texmf-dist/tex/generic/pgf/systemlayer/pgfsyssoftpath.
code.tex
File: pgfsyssoftpath.code.tex 2008/07/18  (rcs-revision 1.7)
\pgfsyssoftpath@smallbuffer@items=\count128
\pgfsyssoftpath@bigbuffer@items=\count129
)
(/usr/local/texlive/2012/texmf-dist/tex/generic/pgf/systemlayer/pgfsysprotocol.
code.tex
File: pgfsysprotocol.code.tex 2006/10/16  (rcs-revision 1.4)
)) (/usr/local/texlive/2012/texmf-dist/tex/latex/xcolor/xcolor.sty
Package: xcolor 2007/01/21 v2.11 LaTeX color extensions (UK)

(/usr/local/texlive/2012/texmf-dist/tex/latex/latexconfig/color.cfg
File: color.cfg 2007/01/18 v1.5 color configuration of teTeX/TeXLive
)
Package xcolor Info: Driver file: pdftex.def on input line 225.
LaTeX Info: Redefining \color on input line 702.
Package xcolor Info: Model `cmy' substituted by `cmy0' on input line 1337.
Package xcolor Info: Model `hsb' substituted by `rgb' on input line 1341.
Package xcolor Info: Model `RGB' extended on input line 1353.
Package xcolor Info: Model `HTML' substituted by `rgb' on input line 1355.
Package xcolor Info: Model `Hsb' substituted by `hsb' on input line 1356.
Package xcolor Info: Model `tHsb' substituted by `hsb' on input line 1357.
Package xcolor Info: Model `HSB' substituted by `hsb' on input line 1358.
Package xcolor Info: Model `Gray' substituted by `gray' on input line 1359.
Package xcolor Info: Model `wave' substituted by `hsb' on input line 1360.
)
(/usr/local/texlive/2012/texmf-dist/tex/generic/pgf/basiclayer/pgfcore.code.tex
Package: pgfcore 2010/04/11 v2.10 (rcs-revision 1.7)
(/usr/local/texlive/2012/texmf-dist/tex/generic/pgf/math/pgfmath.code.tex
(/usr/local/texlive/2012/texmf-dist/tex/generic/pgf/math/pgfmathcalc.code.tex
(/usr/local/texlive/2012/texmf-dist/tex/generic/pgf/math/pgfmathutil.code.tex)
(/usr/local/texlive/2012/texmf-dist/tex/generic/pgf/math/pgfmathparser.code.tex
\pgfmath@dimen=\dimen148
\pgfmath@count=\count130
\pgfmath@box=\box41
\pgfmath@toks=\toks38
\pgfmath@stack@operand=\toks39
\pgfmath@stack@operation=\toks40
)
(/usr/local/texlive/2012/texmf-dist/tex/generic/pgf/math/pgfmathfunctions.code.
tex
(/usr/local/texlive/2012/texmf-dist/tex/generic/pgf/math/pgfmathfunctions.basic
.code.tex)
(/usr/local/texlive/2012/texmf-dist/tex/generic/pgf/math/pgfmathfunctions.trigo
nometric.code.tex)
(/usr/local/texlive/2012/texmf-dist/tex/generic/pgf/math/pgfmathfunctions.rando
m.code.tex)
(/usr/local/texlive/2012/texmf-dist/tex/generic/pgf/math/pgfmathfunctions.compa
rison.code.tex)
(/usr/local/texlive/2012/texmf-dist/tex/generic/pgf/math/pgfmathfunctions.base.
code.tex)
(/usr/local/texlive/2012/texmf-dist/tex/generic/pgf/math/pgfmathfunctions.round
.code.tex)
(/usr/local/texlive/2012/texmf-dist/tex/generic/pgf/math/pgfmathfunctions.misc.
code.tex)))
(/usr/local/texlive/2012/texmf-dist/tex/generic/pgf/math/pgfmathfloat.code.tex
\c@pgfmathroundto@lastzeros=\count131
))
(/usr/local/texlive/2012/texmf-dist/tex/generic/pgf/basiclayer/pgfcorepoints.co
de.tex
File: pgfcorepoints.code.tex 2010/04/09  (rcs-revision 1.20)
\pgf@picminx=\dimen149
\pgf@picmaxx=\dimen150
\pgf@picminy=\dimen151
\pgf@picmaxy=\dimen152
\pgf@pathminx=\dimen153
\pgf@pathmaxx=\dimen154
\pgf@pathminy=\dimen155
\pgf@pathmaxy=\dimen156
\pgf@xx=\dimen157
\pgf@xy=\dimen158
\pgf@yx=\dimen159
\pgf@yy=\dimen160
\pgf@zx=\dimen161
\pgf@zy=\dimen162
)
(/usr/local/texlive/2012/texmf-dist/tex/generic/pgf/basiclayer/pgfcorepathconst
ruct.code.tex
File: pgfcorepathconstruct.code.tex 2010/08/03  (rcs-revision 1.24)
\pgf@path@lastx=\dimen163
\pgf@path@lasty=\dimen164
)
(/usr/local/texlive/2012/texmf-dist/tex/generic/pgf/basiclayer/pgfcorepathusage
.code.tex
File: pgfcorepathusage.code.tex 2008/04/22  (rcs-revision 1.12)
\pgf@shorten@end@additional=\dimen165
\pgf@shorten@start@additional=\dimen166
)
(/usr/local/texlive/2012/texmf-dist/tex/generic/pgf/basiclayer/pgfcorescopes.co
de.tex
File: pgfcorescopes.code.tex 2010/09/08  (rcs-revision 1.34)
\pgfpic=\box42
\pgf@hbox=\box43
\pgf@layerbox@main=\box44
\pgf@picture@serial@count=\count132
)
(/usr/local/texlive/2012/texmf-dist/tex/generic/pgf/basiclayer/pgfcoregraphicst
ate.code.tex
File: pgfcoregraphicstate.code.tex 2008/04/22  (rcs-revision 1.9)
\pgflinewidth=\dimen167
)
(/usr/local/texlive/2012/texmf-dist/tex/generic/pgf/basiclayer/pgfcoretransform
ations.code.tex
File: pgfcoretransformations.code.tex 2009/06/10  (rcs-revision 1.11)
\pgf@pt@x=\dimen168
\pgf@pt@y=\dimen169
\pgf@pt@temp=\dimen170
)
(/usr/local/texlive/2012/texmf-dist/tex/generic/pgf/basiclayer/pgfcorequick.cod
e.tex
File: pgfcorequick.code.tex 2008/10/09  (rcs-revision 1.3)
)
(/usr/local/texlive/2012/texmf-dist/tex/generic/pgf/basiclayer/pgfcoreobjects.c
ode.tex
File: pgfcoreobjects.code.tex 2006/10/11  (rcs-revision 1.2)
)
(/usr/local/texlive/2012/texmf-dist/tex/generic/pgf/basiclayer/pgfcorepathproce
ssing.code.tex
File: pgfcorepathprocessing.code.tex 2008/10/09  (rcs-revision 1.8)
)
(/usr/local/texlive/2012/texmf-dist/tex/generic/pgf/basiclayer/pgfcorearrows.co
de.tex
File: pgfcorearrows.code.tex 2008/04/23  (rcs-revision 1.11)
)
(/usr/local/texlive/2012/texmf-dist/tex/generic/pgf/basiclayer/pgfcoreshade.cod
e.tex
File: pgfcoreshade.code.tex 2008/11/23  (rcs-revision 1.13)
\pgf@max=\dimen171
\pgf@sys@shading@range@num=\count133
)
(/usr/local/texlive/2012/texmf-dist/tex/generic/pgf/basiclayer/pgfcoreimage.cod
e.tex
File: pgfcoreimage.code.tex 2010/03/25  (rcs-revision 1.16)

(/usr/local/texlive/2012/texmf-dist/tex/generic/pgf/basiclayer/pgfcoreexternal.
code.tex
File: pgfcoreexternal.code.tex 2010/09/01  (rcs-revision 1.17)
\pgfexternal@startupbox=\box45
))
(/usr/local/texlive/2012/texmf-dist/tex/generic/pgf/basiclayer/pgfcorelayers.co
de.tex
File: pgfcorelayers.code.tex 2010/08/27  (rcs-revision 1.2)
)
(/usr/local/texlive/2012/texmf-dist/tex/generic/pgf/basiclayer/pgfcoretranspare
ncy.code.tex
File: pgfcoretransparency.code.tex 2008/01/17  (rcs-revision 1.2)
)
(/usr/local/texlive/2012/texmf-dist/tex/generic/pgf/basiclayer/pgfcorepatterns.
code.tex
File: pgfcorepatterns.code.tex 2009/07/02  (rcs-revision 1.3)
)))
(/usr/local/texlive/2012/texmf-dist/tex/generic/pgf/modules/pgfmoduleshapes.cod
e.tex
File: pgfmoduleshapes.code.tex 2010/09/09  (rcs-revision 1.13)
\pgfnodeparttextbox=\box46
)
(/usr/local/texlive/2012/texmf-dist/tex/generic/pgf/modules/pgfmoduleplot.code.
tex
File: pgfmoduleplot.code.tex 2010/10/22  (rcs-revision 1.8)
)
(/usr/local/texlive/2012/texmf-dist/tex/latex/pgf/compatibility/pgfcomp-version
-0-65.sty
Package: pgfcomp-version-0-65 2007/07/03 v2.10 (rcs-revision 1.7)
\pgf@nodesepstart=\dimen172
\pgf@nodesepend=\dimen173
)
(/usr/local/texlive/2012/texmf-dist/tex/latex/pgf/compatibility/pgfcomp-version
-1-18.sty
Package: pgfcomp-version-1-18 2007/07/23 v2.10 (rcs-revision 1.1)
))
(/usr/local/texlive/2012/texmf-dist/tex/latex/pgf/utilities/pgffor.sty
(/usr/local/texlive/2012/texmf-dist/tex/latex/pgf/utilities/pgfkeys.sty
(/usr/local/texlive/2012/texmf-dist/tex/generic/pgf/utilities/pgfkeys.code.tex)
) (/usr/local/texlive/2012/texmf-dist/tex/generic/pgf/utilities/pgffor.code.tex
Package: pgffor 2010/03/23 v2.10 (rcs-revision 1.18)
\pgffor@iter=\dimen174
\pgffor@skip=\dimen175
\pgffor@stack=\toks41
\pgffor@toks=\toks42
))
(/usr/local/texlive/2012/texmf-dist/tex/generic/pgf/frontendlayer/tikz/tikz.cod
e.tex
Package: tikz 2010/10/13 v2.10 (rcs-revision 1.76)

(/usr/local/texlive/2012/texmf-dist/tex/generic/pgf/libraries/pgflibraryplothan
dlers.code.tex
File: pgflibraryplothandlers.code.tex 2010/05/31 v2.10 (rcs-revision 1.15)
\pgf@plot@mark@count=\count134
\pgfplotmarksize=\dimen176
)
\tikz@lastx=\dimen177
\tikz@lasty=\dimen178
\tikz@lastxsaved=\dimen179
\tikz@lastysaved=\dimen180
\tikzleveldistance=\dimen181
\tikzsiblingdistance=\dimen182
\tikz@figbox=\box47
\tikz@tempbox=\box48
\tikztreelevel=\count135
\tikznumberofchildren=\count136
\tikznumberofcurrentchild=\count137
\tikz@fig@count=\count138

(/usr/local/texlive/2012/texmf-dist/tex/generic/pgf/modules/pgfmodulematrix.cod
e.tex
File: pgfmodulematrix.code.tex 2010/08/24  (rcs-revision 1.4)
\pgfmatrixcurrentrow=\count139
\pgfmatrixcurrentcolumn=\count140
\pgf@matrix@numberofcolumns=\count141
)
\tikz@expandcount=\count142

(/usr/local/texlive/2012/texmf-dist/tex/generic/pgf/frontendlayer/tikz/librarie
s/tikzlibrarytopaths.code.tex
File: tikzlibrarytopaths.code.tex 2008/06/17 v2.10 (rcs-revision 1.2)
)))
(/usr/local/texlive/2012/texmf-dist/tex/generic/pgf/frontendlayer/tikz/librarie
s/tikzlibrarycalc.code.tex
File: tikzlibrarycalc.code.tex 2009/09/04 v2.10 (rcs-revision 1.6)
)
(/usr/local/texlive/2012/texmf-dist/tex/generic/pgf/frontendlayer/tikz/librarie
s/tikzlibraryarrows.code.tex
File: tikzlibraryarrows.code.tex 2008/01/09 v2.10 (rcs-revision 1.1)

(/usr/local/texlive/2012/texmf-dist/tex/generic/pgf/libraries/pgflibraryarrows.
code.tex
File: pgflibraryarrows.code.tex 2008/10/27 v2.10 (rcs-revision 1.9)
\arrowsize=\dimen183
))
(/usr/local/texlive/2012/texmf-dist/tex/generic/pgf/frontendlayer/tikz/librarie
s/tikzlibraryshadows.code.tex
File: tikzlibraryshadows.code.tex 2008/01/13 v2.10 (rcs-revision 1.3)

(/usr/local/texlive/2012/texmf-dist/tex/generic/pgf/frontendlayer/tikz/librarie
s/tikzlibraryfadings.code.tex
File: tikzlibraryfadings.code.tex 2009/11/15 v2.10 (rcs-revision 1.2)

(/usr/local/texlive/2012/texmf-dist/tex/generic/pgf/libraries/pgflibraryfadings
.code.tex
File: pgflibraryfadings.code.tex 2008/02/07 v2.10 (rcs-revision 1.3)
)))
(/usr/local/texlive/2012/texmf-dist/tex/latex/mdframed/mdframed.sty
Package: mdframed 2012/04/08 v1.5: mdframed

(/usr/local/texlive/2012/texmf-dist/tex/latex/l3packages/xparse/xparse.sty
(/usr/local/texlive/2012/texmf-dist/tex/latex/l3kernel/expl3.sty
(/usr/local/texlive/2012/texmf-dist/tex/latex/l3kernel/l3names.sty
(/usr/local/texlive/2012/texmf-dist/tex/latex/l3kernel/l3bootstrap.sty
Package: l3bootstrap 2011/12/29 v3110 L3 Experimental bootstrap code
)
Package: l3names 2012/03/04 v3494 L3 Experimental namespace for primitives
)
(/usr/local/texlive/2012/texmf-dist/tex/latex/etex-pkg/etex.sty
Package: etex 1998/03/26 v2.0 eTeX basic definition package (PEB)
\et@xins=\count143
)
Package: expl3 2012/04/23 v3570 L3 Experimental code bundle wrapper

(/usr/local/texlive/2012/texmf-dist/tex/latex/l3kernel/l3basics.sty
Package: l3basics 2012/03/04 v3491 L3 Experimental basic definitions
)
(/usr/local/texlive/2012/texmf-dist/tex/latex/l3kernel/l3expan.sty
Package: l3expan 2012/02/26 v3460 L3 Experimental argument expansion
)
(/usr/local/texlive/2012/texmf-dist/tex/latex/l3kernel/l3tl.sty
Package: l3tl 2012/03/04 v3490 L3 Experimental token lists
)
(/usr/local/texlive/2012/texmf-dist/tex/latex/l3kernel/l3seq.sty
Package: l3seq 2012/03/04 v3490 L3 Experimental sequences and stacks
)
(/usr/local/texlive/2012/texmf-dist/tex/latex/l3kernel/l3int.sty
Package: l3int 2012/03/04 v3490 L3 Experimental integers
\c_max_int=\count144
\l_tmpa_int=\count145
\l_tmpb_int=\count146
\l_tmpc_int=\count147
\g_tmpa_int=\count148
\g_tmpb_int=\count149
)
(/usr/local/texlive/2012/texmf-dist/tex/latex/l3kernel/l3quark.sty
Package: l3quark 2012/02/12 v3384 L3 Experimental quarks
)
(/usr/local/texlive/2012/texmf-dist/tex/latex/l3kernel/l3prg.sty
Package: l3prg 2012/03/04 v3490 L3 Experimental control structures
\g_prg_map_int=\count150
)
(/usr/local/texlive/2012/texmf-dist/tex/latex/l3kernel/l3clist.sty
Package: l3clist 2012/03/04 v3490 L3 Experimental comma separated lists
)
(/usr/local/texlive/2012/texmf-dist/tex/latex/l3kernel/l3token.sty
Package: l3token 2012/03/04 v3491 L3 Experimental token manipulation
)
(/usr/local/texlive/2012/texmf-dist/tex/latex/l3kernel/l3prop.sty
Package: l3prop 2012/03/04 v3490 L3 Experimental property lists
)
(/usr/local/texlive/2012/texmf-dist/tex/latex/l3kernel/l3msg.sty
Package: l3msg 2012/04/23 v3568 L3 Experimental messages
)
(/usr/local/texlive/2012/texmf-dist/tex/latex/l3kernel/l3file.sty
Package: l3file 2012/03/09 v3520 L3 Experimental file and I/O operations
\l_iow_stream_int=\count151
\l_iow_line_length_int=\count152
\l_iow_target_length_int=\count153
\l_iow_current_line_int=\count154
\l_iow_current_word_int=\count155
\l_iow_current_indentation_int=\count156
)
(/usr/local/texlive/2012/texmf-dist/tex/latex/l3kernel/l3skip.sty
Package: l3skip 2012/03/05 v3499 L3 Experimental dimensions and skips
\l_tmpa_dim=\dimen184
\l_tmpb_dim=\dimen185
\l_tmpc_dim=\dimen186
\g_tmpa_dim=\dimen187
\g_tmpb_dim=\dimen188
\l_tmpa_skip=\skip77
\l_tmpb_skip=\skip78
\l_tmpc_skip=\skip79
\g_tmpa_skip=\skip80
\g_tmpb_skip=\skip81
)
(/usr/local/texlive/2012/texmf-dist/tex/latex/l3kernel/l3keys.sty
Package: l3keys 2012/03/03 v3487 L3 Experimental key-value interfaces
\g_keyval_level_int=\count157
\l_keys_choice_int=\count158
)
(/usr/local/texlive/2012/texmf-dist/tex/latex/l3kernel/l3fp.sty
Package: l3fp 2012/03/04 v3490 L3 Experimental floating-point operations
\c_one_million=\count159
\c_one_hundred_million=\count160
\c_five_hundred_million=\count161
\c_one_thousand_million=\count162
\c_fp_pi_by_four_decimal_int=\count163
\c_fp_pi_by_four_extended_int=\count164
\c_fp_pi_decimal_int=\count165
\c_fp_pi_extended_int=\count166
\c_fp_two_pi_decimal_int=\count167
\c_fp_two_pi_extended_int=\count168
\l_fp_count_int=\count169
\l_fp_div_offset_int=\count170
\l_fp_exp_integer_int=\count171
\l_fp_exp_decimal_int=\count172
\l_fp_exp_extended_int=\count173
\l_fp_exp_exponent_int=\count174
\l_fp_input_a_sign_int=\count175
\l_fp_input_a_integer_int=\count176
\l_fp_input_a_decimal_int=\count177
\l_fp_input_a_exponent_int=\count178
\l_fp_input_b_sign_int=\count179
\l_fp_input_b_integer_int=\count180
\l_fp_input_b_decimal_int=\count181
\l_fp_input_b_exponent_int=\count182
\l_fp_input_a_extended_int=\count183
\l_fp_input_b_extended_int=\count184
\l_fp_mul_a_i_int=\count185
\l_fp_mul_a_ii_int=\count186
\l_fp_mul_a_iii_int=\count187
\l_fp_mul_a_iv_int=\count188
\l_fp_mul_a_v_int=\count189
\l_fp_mul_a_vi_int=\count190
\l_fp_mul_b_i_int=\count191
\l_fp_mul_b_ii_int=\count192
\l_fp_mul_b_iii_int=\count193
\l_fp_mul_b_iv_int=\count194
\l_fp_mul_b_v_int=\count195
\l_fp_mul_b_vi_int=\count196
\l_fp_mul_output_int=\count197
\l_fp_output_sign_int=\count198
\l_fp_output_integer_int=\count199
\l_fp_output_decimal_int=\count200
\l_fp_output_exponent_int=\count201
Normal \count register pool exhausted, switching to extended pool.
\l_fp_output_extended_int=\count277
\l_fp_round_position_int=\count278
\l_fp_round_target_int=\count279
\l_fp_split_sign_int=\count280
\l_fp_internal_int=\count281
\l_fp_trig_octant_int=\count282
\l_fp_trig_sign_int=\count283
\l_fp_trig_decimal_int=\count284
\l_fp_trig_extended_int=\count285
\l_fp_internal_dim=\dimen189
\l_fp_internal_skip=\skip82
)
(/usr/local/texlive/2012/texmf-dist/tex/latex/l3kernel/l3box.sty
Package: l3box 2012/03/04 v3490 L3 Experimental boxes
\l_tmpb_box=\box49
\l_box_top_dim=\dimen190
\l_box_bottom_dim=\dimen191
\l_box_left_dim=\dimen192
\l_box_right_dim=\dimen193
\l_box_top_new_dim=\dimen194
\l_box_bottom_new_dim=\dimen195
\l_box_left_new_dim=\dimen196
\l_box_right_new_dim=\dimen197
\l_box_internal_box=\box50
)
(/usr/local/texlive/2012/texmf-dist/tex/latex/l3kernel/l3coffins.sty
Package: l3coffins 2012/03/03 v3482 L3 Experimental coffin code layer
\l_coffin_internal_box=\box51
\l_coffin_internal_dim=\dimen198
\l_coffin_offset_x_dim=\dimen199
\l_coffin_offset_y_dim=\dimen200
\l_coffin_x_dim=\dimen201
Normal \dimen register pool exhausted, switching to extended pool.
\l_coffin_y_dim=\dimen256
\l_coffin_x_prime_dim=\dimen257
\l_coffin_y_prime_dim=\dimen258
\l_coffin_Depth_dim=\dimen259
\l_coffin_Height_dim=\dimen260
\l_coffin_TotalHeight_dim=\dimen261
\l_coffin_Width_dim=\dimen262
\c_empty_coffin=\box52
\l_coffin_aligned_coffin=\box53
\l_coffin_aligned_internal_coffin=\box54
\l_coffin_bounding_shift_dim=\dimen263
\l_coffin_left_corner_dim=\dimen264
\l_coffin_right_corner_dim=\dimen265
\l_coffin_bottom_corner_dim=\dimen266
\l_coffin_top_corner_dim=\dimen267
\l_coffin_scaled_total_height_dim=\dimen268
\l_coffin_scaled_width_dim=\dimen269
\l_coffin_display_coffin=\box55
\l_coffin_display_coord_coffin=\box56
\l_coffin_display_pole_coffin=\box57
\l_coffin_display_offset_dim=\dimen270
\l_coffin_display_x_dim=\dimen271
\l_coffin_display_y_dim=\dimen272
)
(/usr/local/texlive/2012/texmf-dist/tex/latex/l3kernel/l3color.sty
Package: l3color 2011/09/07 v2776 L3 Experimental colour support
)
(/usr/local/texlive/2012/texmf-dist/tex/latex/l3kernel/l3luatex.sty
Package: l3luatex 2012/02/09 v3355 L3 Experimental LuaTeX-specific functions
\g_cctab_allocate_int=\count286
\g_cctab_stack_int=\count287
))
Package: xparse 2012/04/23 v3570 L3 Experimental document command parser
\l_xparse_current_arg_int=\count288
\l_xparse_m_args_int=\count289
\l_xparse_mandatory_args_int=\count290
\l_xparse_processor_int=\count291
\l_xparse_v_nesting_int=\count292
)
(/usr/local/texlive/2012/texmf-dist/tex/latex/etoolbox/etoolbox.sty
Package: etoolbox 2011/01/03 v2.1 e-TeX tools for LaTeX
\etb@tempcnta=\count293
)
(/usr/local/texlive/2012/texmf-dist/tex/latex/oberdiek/zref-abspage.sty
Package: zref-abspage 2012/04/04 v2.24 Module abspage for zref (HO)

(/usr/local/texlive/2012/texmf-dist/tex/latex/oberdiek/zref-base.sty
Package: zref-base 2012/04/04 v2.24 Module base for zref (HO)

(/usr/local/texlive/2012/texmf-dist/tex/latex/oberdiek/auxhook.sty
Package: auxhook 2011/03/04 v1.3 Hooks for auxiliary files (HO)
)
Package zref Info: New property list: main on input line 759.
Package zref Info: New property: default on input line 760.
Package zref Info: New property: page on input line 761.
)
\c@abspage=\count294
Package zref Info: New property: abspage on input line 62.
)
\mdf@templength=\skip83
\c@mdf@globalstyle@cnt=\count295
\mdf@skipabove@length=\skip84
\mdf@skipbelow@length=\skip85
\mdf@leftmargin@length=\skip86
\mdf@rightmargin@length=\skip87
\mdf@innerleftmargin@length=\skip88
\mdf@innerrightmargin@length=\skip89
\mdf@innertopmargin@length=\skip90
\mdf@innerbottommargin@length=\skip91
\mdf@splittopskip@length=\skip92
\mdf@splitbottomskip@length=\skip93
\mdf@outermargin@length=\skip94
\mdf@innermargin@length=\skip95
\mdf@linewidth@length=\skip96
\mdf@innerlinewidth@length=\skip97
\mdf@middlelinewidth@length=\skip98
\mdf@outerlinewidth@length=\skip99
\mdf@roundcorner@length=\skip100
\mdf@footenotedistance@length=\skip101
\mdf@userdefinedwidth@length=\skip102
\mdf@frametitleaboveskip@length=\skip103
\mdf@frametitlebelowskip@length=\skip104
\mdf@frametitlerulewidth@length=\skip105
\mdf@frametitleleftmargin@length=\skip106
\mdf@frametitlerightmargin@length=\skip107
\mdf@shadowsize@length=\skip108
\mdf@frametitlebox=\box58
\mdf@footnotebox=\box59
\mdf@splitbox@one=\box60
\mdf@splitbox@two=\box61
\mdfsplitboxwidth=\skip109
\mdfsplitboxtotalwidth=\skip110
\mdfsplitboxheight=\skip111
\mdfsplitboxdepth=\skip112
\mdfsplitboxtotalheight=\skip113
\mdfframetitleboxwidth=\skip114
\mdfframetitleboxtotalwidth=\skip115
\mdfframetitleboxheight=\skip116
\mdfframetitleboxdepth=\skip117
\mdfframetitleboxtotalheight=\skip118
\mdffootnoteboxwidth=\skip119
\mdffootnoteboxtotalwidth=\skip120
\mdffootnoteboxheight=\skip121
\mdffootnoteboxdepth=\skip122
\mdffootnoteboxtotalheight=\skip123
\mdftotallinewidth=\skip124
\mdfboundingboxwidth=\skip125
\mdfboundingboxtotalwidth=\skip126
\mdfboundingboxheight=\skip127
\mdfboundingboxdepth=\skip128
\mdfboundingboxtotalheight=\skip129
\mdf@freevspace@length=\skip130
\mdf@horizontalwidthofbox@length=\skip131
\mdf@verticalmarginwhole@length=\skip132
.................................................
. LaTeX info: "xparse/define-command"
. 
. Defining document command \newmdtheoremenv with arg. spec. 'O{} m o m o ' on
. line 501.
.................................................
.................................................
. LaTeX info: "xparse/define-command"
. 
. Defining document command \mdtheorem with arg. spec. ' O{} m o m o ' on line
. 581.
.................................................

(/usr/local/texlive/2012/texmf-dist/tex/latex/mdframed/md-frame-1.mdf
File: md-frame-1.mdf 2012/04/08  v1.5: md-frame-1
)
\c@mdf@zref@counter=\count296
Package zref Info: New property: mdf@pagevalue on input line 782.
\mdf@horizontalspaceofbox=\skip133
)
(/usr/local/texlive/2012/texmf-dist/tex/latex/adjustbox/adjustbox.sty
Package: adjustbox 2012/05/21 v1.0 Adjusting TeX boxes (trim, clip, ...)

(/usr/local/texlive/2012/texmf-dist/tex/latex/xkeyval/xkeyval.sty
Package: xkeyval 2008/08/13 v2.6a package option processing (HA)

(/usr/local/texlive/2012/texmf-dist/tex/generic/xkeyval/xkeyval.tex
\XKV@toks=\toks43
\XKV@tempa@toks=\toks44
\XKV@depth=\count297
File: xkeyval.tex 2008/08/13 v2.6a key=value parser (HA)
))
(/usr/local/texlive/2012/texmf-dist/tex/latex/adjustbox/adjcalc.sty
Package: adjcalc 2012/05/16 v1.1 Provides advanced setlength with multiple back
-ends (calc, etex, pgfmath)
)
(/usr/local/texlive/2012/texmf-dist/tex/latex/adjustbox/trimclip.sty
Package: trimclip 2012/05/16 v1.0 Trim and clip general TeX material

(/usr/local/texlive/2012/texmf-dist/tex/latex/collectbox/collectbox.sty
Package: collectbox 2012/05/17 v0.4b Collect macro arguments as boxes
\collectedbox=\box62
)
\tc@llx=\dimen273
\tc@lly=\dimen274
\tc@urx=\dimen275
\tc@ury=\dimen276
Package trimclip Info: Using driver 'tc-pdftex.def'.

(/usr/local/texlive/2012/texmf-dist/tex/latex/adjustbox/tc-pdftex.def
File: tc-pdftex.def 2012/05/13 v1.0 Clipping driver for pdftex
))
\adjbox@Width=\dimen277
\adjbox@Height=\dimen278
\adjbox@Depth=\dimen279
\adjbox@Totalheight=\dimen280

(/usr/local/texlive/2012/texmf-dist/tex/latex/ifoddpage/ifoddpage.sty
Package: ifoddpage 2011/09/13 v1.0 Conditionals for odd/even page detection
\c@checkoddpage=\count298
)
(/usr/local/texlive/2012/texmf-dist/tex/latex/varwidth/varwidth.sty
Package: varwidth 2009/03/30 ver 0.92;  Variable-width minipages
\@vwid@box=\box63
\sift@deathcycles=\count299
\@vwid@loff=\dimen281
\@vwid@roff=\dimen282
))
(/usr/local/texlive/2012/texmf-dist/tex/latex/oberdiek/grffile.sty
Package: grffile 2012/04/05 v1.16 Extended file name support for graphics (HO)
Package grffile Info: Option `multidot' is set to `true'.
Package grffile Info: Option `extendedchars' is set to `false'.
Package grffile Info: Option `space' is set to `true'.
Package grffile Info: \Gin@ii of package `graphicx' fixed on input line 486.
)
(/usr/local/texlive/2012/texmf-dist/tex/latex/listings/listings.sty
\lst@mode=\count300
\lst@gtempboxa=\box64
\lst@token=\toks45
\lst@length=\count301
\lst@currlwidth=\dimen283
\lst@column=\count302
\lst@pos=\count303
\lst@lostspace=\dimen284
\lst@width=\dimen285
\lst@newlines=\count304
\lst@lineno=\count305
\lst@maxwidth=\dimen286

(/usr/local/texlive/2012/texmf-dist/tex/latex/listings/lstmisc.sty
File: lstmisc.sty 2007/02/22 1.4 (Carsten Heinz)
\c@lstnumber=\count306
\lst@skipnumbers=\count307
\lst@framebox=\box65
)
(/usr/local/texlive/2012/texmf-dist/tex/latex/listings/listings.cfg
File: listings.cfg 2007/02/22 1.4 listings configuration
))
Package: listings 2007/02/22 1.4 (Carsten Heinz)
\@indexfile=\write6
\openout6 = `NFL-Go-For-It!.idx'.


Writing index file NFL-Go-For-It!.idx
(./NFL-Go-For-It!.aux)
\openout1 = `NFL-Go-For-It!.aux'.

LaTeX Font Info:    Checking defaults for OML/cmm/m/it on input line 227.
LaTeX Font Info:    ... okay on input line 227.
LaTeX Font Info:    Checking defaults for T1/cmr/m/n on input line 227.
LaTeX Font Info:    ... okay on input line 227.
LaTeX Font Info:    Checking defaults for OT1/cmr/m/n on input line 227.
LaTeX Font Info:    ... okay on input line 227.
LaTeX Font Info:    Checking defaults for OMS/cmsy/m/n on input line 227.
LaTeX Font Info:    ... okay on input line 227.
LaTeX Font Info:    Checking defaults for OMX/cmex/m/n on input line 227.
LaTeX Font Info:    ... okay on input line 227.
LaTeX Font Info:    Checking defaults for U/cmr/m/n on input line 227.
LaTeX Font Info:    ... okay on input line 227.
LaTeX Font Info:    Checking defaults for TS1/cmr/m/n on input line 227.
LaTeX Font Info:    Try loading font information for TS1+cmr on input line 227.


(/usr/local/texlive/2012/texmf-dist/tex/latex/base/ts1cmr.fd
File: ts1cmr.fd 1999/05/25 v2.5h Standard LaTeX font definitions
)
LaTeX Font Info:    ... okay on input line 227.
LaTeX Font Info:    Checking defaults for PD1/pdf/m/n on input line 227.
LaTeX Font Info:    ... okay on input line 227.
LaTeX Font Info:    Try loading font information for T1+ptm on input line 227.

(/usr/local/texlive/2012/texmf-dist/tex/latex/psnfss/t1ptm.fd
File: t1ptm.fd 2001/06/04 font definitions for T1/ptm.
)
(/usr/local/texlive/2012/texmf-dist/tex/context/base/supp-pdf.mkii
[Loading MPS to PDF converter (version 2006.09.02).]
\scratchcounter=\count308
\scratchdimen=\dimen287
\scratchbox=\box66
\nofMPsegments=\count309
\nofMParguments=\count310
\everyMPshowfont=\toks46
\MPscratchCnt=\count311
\MPscratchDim=\dimen288
\MPnumerator=\count312
\makeMPintoPDFobject=\count313
\everyMPtoPDFconversion=\toks47
) (/usr/local/texlive/2012/texmf-dist/tex/latex/oberdiek/epstopdf-base.sty
Package: epstopdf-base 2010/02/09 v2.5 Base part for package epstopdf

(/usr/local/texlive/2012/texmf-dist/tex/latex/oberdiek/grfext.sty
Package: grfext 2010/08/19 v1.1 Manage graphics extensions (HO)
)
Package grfext Info: Graphics extension search list:
(grfext)             [.png,.pdf,.jpg,.mps,.jpeg,.jbig2,.jb2,.PNG,.PDF,.JPG,.JPE
G,.JBIG2,.JB2,.eps]
(grfext)             \AppendGraphicsExtensions on input line 452.

(/usr/local/texlive/2012/texmf-dist/tex/latex/latexconfig/epstopdf-sys.cfg
File: epstopdf-sys.cfg 2010/07/13 v1.3 Configuration of (r)epstopdf for TeX Liv
e
))
\AtBeginShipoutBox=\box67
Package hyperref Info: Link coloring ON on input line 227.

(/usr/local/texlive/2012/texmf-dist/tex/latex/hyperref/nameref.sty
Package: nameref 2010/04/30 v2.40 Cross-referencing by name of section

(/usr/local/texlive/2012/texmf-dist/tex/generic/oberdiek/gettitlestring.sty
Package: gettitlestring 2010/12/03 v1.4 Cleanup title references (HO)
)
\c@section@level=\count314
)
LaTeX Info: Redefining \ref on input line 227.
LaTeX Info: Redefining \pageref on input line 227.
LaTeX Info: Redefining \nameref on input line 227.

(./NFL-Go-For-It!.out) (./NFL-Go-For-It!.out)
\@outlinefile=\write7
\openout7 = `NFL-Go-For-It!.out'.


(/usr/local/texlive/2012/texmf-dist/tex/latex/ucs/ucsencs.def
File: ucsencs.def 2011/01/21 Fixes to fontencodings LGR, T3
)

Package ucs Warning: ***************************
(ucs)                You seem to have loaded inputencoding utf8
(ucs)                (LaTeX kernel UTF-8) instead of utf8x (ucs.sty UTF-8).
(ucs)                Probably you are compiling a document written for a
(ucs)                pre-august-2004 ucs.sty.
(ucs)                ***************************
(ucs)                Please use \usepackage[utf8x]{inputenc} instead of
(ucs)                \usepackage[utf8]{inputenc}.
(ucs)                ***************************
(ucs)                If you should really want to use ucs.sty and kernel's
(ucs)                utf8.def together, use \usepackage[utf8x,utf8]{inputenc}
(ucs)                to disable compatibility mode
(ucs)                ***************************
(ucs)                Activating compatibility mode.
(ucs)                ***************************
(ucs)                 on input line 227.

(/usr/local/texlive/2012/texmf-dist/tex/latex/ucs/utf8x.def
File: utf8x.def 2004/10/17 UCS: Input encoding UTF-8
)
ABD: EveryShipout initializing macros
\c@lstlisting=\count315

Underfull \hbox (badness 10000) in paragraph at lines 231--231

 []

LaTeX Font Info:    Try loading font information for T1+phv on input line 231.
(/usr/local/texlive/2012/texmf-dist/tex/latex/psnfss/t1phv.fd
File: t1phv.fd 2001/06/04 scalable font definitions for T1/phv.
)
LaTeX Font Info:    Font shape `T1/phv/bx/n' in size <24.88> not available
(Font)              Font shape `T1/phv/b/n' tried instead on input line 231.
LaTeX Font Info:    Font shape `T1/phv/m/it' in size <12> not available
(Font)              Font shape `T1/phv/m/sl' tried instead on input line 231.
LaTeX Font Info:    Font shape `T1/phv/bx/it' in size <12> not available
(Font)              Font shape `T1/phv/b/it' tried instead on input line 231.
LaTeX Font Info:    Font shape `T1/phv/b/it' in size <12> not available
(Font)              Font shape `T1/phv/b/sl' tried instead on input line 231.
LaTeX Font Info:    Font shape `T1/phv/bx/n' in size <14.4> not available
(Font)              Font shape `T1/phv/b/n' tried instead on input line 231.
LaTeX Font Info:    Try loading font information for U+msa on input line 231.

(/usr/local/texlive/2012/texmf-dist/tex/latex/amsfonts/umsa.fd
File: umsa.fd 2009/06/22 v3.00 AMS symbols A
)
LaTeX Font Info:    Try loading font information for U+msb on input line 231.

(/usr/local/texlive/2012/texmf-dist/tex/latex/amsfonts/umsb.fd
File: umsb.fd 2009/06/22 v3.00 AMS symbols B
)
Package mdframed Info: mdframed inside twoside mode but
(mdframed)             works with oneside mode on input line 260.
LaTeX Font Info:    Try loading font information for T1+pcr on input line 262.

(/usr/local/texlive/2012/texmf-dist/tex/latex/psnfss/t1pcr.fd
File: t1pcr.fd 2001/06/04 font definitions for T1/pcr.
)
Package mdframed Info: mdframed inside twoside mode but
(mdframed)             works with oneside mode on input line 282.
Package mdframed Info: mdframed inside twoside mode but
(mdframed)             works with oneside mode on input line 333.
Package mdframed Info: mdframed inside twoside mode but
(mdframed)             works with oneside mode on input line 343.

Overfull \hbox (4.02335pt too wide) in paragraph at lines 348--348
[]\T1/pcr/m/n/10 ==============================================================
========[] 
 []


Overfull \hbox (4.02335pt too wide) in paragraph at lines 364--364
[]\T1/pcr/m/n/10 ==============================================================
========[] 
 []


Overfull \hbox (4.02335pt too wide) in paragraph at lines 366--366
[]   \T1/pcr/m/n/10 score=DefTD       coef    std err          z      P>|z|    
  [95.0%[] 
 []


Overfull \hbox (4.02335pt too wide) in paragraph at lines 368--368
[]\T1/pcr/m/n/10 --------------------------------------------------------------
--------[] 
 []


Overfull \hbox (4.02335pt too wide) in paragraph at lines 382--382
[]\T1/pcr/m/n/10 --------------------------------------------------------------
--------[] 
 []


Overfull \hbox (4.02335pt too wide) in paragraph at lines 386--386
[]\T1/pcr/m/n/10 --------------------------------------------------------------
--------[] 
 []


Overfull \hbox (4.02335pt too wide) in paragraph at lines 388--388
[]\T1/pcr/m/n/10 intercept       23.3837      1.125     20.785      0.000      
  21.179[] 
 []


Overfull \hbox (4.02335pt too wide) in paragraph at lines 390--390
[]\T1/pcr/m/n/10 ydline          -0.2381      0.012    -19.834      0.000      
  -0.262[] 
 []


Overfull \hbox (4.02335pt too wide) in paragraph at lines 392--392
[]\T1/pcr/m/n/10 offrankMid      -0.0052      0.009     -0.565      0.572      
  -0.023[] 
 []


Overfull \hbox (4.02335pt too wide) in paragraph at lines 394--394
[]\T1/pcr/m/n/10 offrank31t32    -0.7413      0.308     -2.410      0.016      
  -1.344[] 
 []


Overfull \hbox (4.02335pt too wide) in paragraph at lines 396--396
[]\T1/pcr/m/n/10 defrankMid       0.0217      0.009      2.428      0.015      
   0.004[] 
 []


Overfull \hbox (4.02335pt too wide) in paragraph at lines 398--398
[]\T1/pcr/m/n/10 defrank31t32     0.3214      0.357      0.901      0.368      
  -0.378[] 
 []


Overfull \hbox (4.02335pt too wide) in paragraph at lines 400--400
[]\T1/pcr/m/n/10 --------------------------------------------------------------
--------[] 
 []


Overfull \hbox (4.02335pt too wide) in paragraph at lines 402--402
[]\T1/pcr/m/n/10 score=NoPoints       coef    std err          z      P>|z|    
  [95.0%[] 
 []


Overfull \hbox (4.02335pt too wide) in paragraph at lines 404--404
[]\T1/pcr/m/n/10 --------------------------------------------------------------
--------[] 
 []


Overfull \hbox (4.02335pt too wide) in paragraph at lines 418--418
[]\T1/pcr/m/n/10 --------------------------------------------------------------
--------[] 
 []


Overfull \hbox (4.02335pt too wide) in paragraph at lines 422--422
[]\T1/pcr/m/n/10 --------------------------------------------------------------
--------[] 
 []


Overfull \hbox (4.02335pt too wide) in paragraph at lines 424--424
[]\T1/pcr/m/n/10 intercept       23.6977      1.125     21.070      0.000      
  21.493[] 
 []


Overfull \hbox (4.02335pt too wide) in paragraph at lines 426--426
[]\T1/pcr/m/n/10 ydline          -0.2343      0.012    -19.524      0.000      
  -0.258[] 
 []


Overfull \hbox (4.02335pt too wide) in paragraph at lines 428--428
[]\T1/pcr/m/n/10 offrankMid      -0.0209      0.009     -2.270      0.023      
  -0.039[] 
 []


Overfull \hbox (4.02335pt too wide) in paragraph at lines 430--430
[]\T1/pcr/m/n/10 offrank31t32    -1.3770      0.307     -4.487      0.000      
  -1.979[] 
 []


Overfull \hbox (4.02335pt too wide) in paragraph at lines 432--432
[]\T1/pcr/m/n/10 defrankMid       0.0302      0.009      3.393      0.001      
   0.013[] 
 []


Overfull \hbox (4.02335pt too wide) in paragraph at lines 434--434
[]\T1/pcr/m/n/10 defrank31t32     0.7186      0.355      2.023      0.043      
   0.023[] 
 []


Overfull \hbox (4.02335pt too wide) in paragraph at lines 436--436
[]\T1/pcr/m/n/10 ==============================================================
========[] 
 []

[1

{/usr/local/texlive/2012/texmf-var/fonts/map/pdftex/updmap/pdftex.map}]
[2]
Overfull \vbox (3.96497pt too high) has occurred while \output is active []


[3]
Package mdframed Info: mdframed inside twoside mode but
(mdframed)             works with oneside mode on input line 462.
Package mdframed Info: mdframed inside twoside mode but
(mdframed)             works with oneside mode on input line 472.

Overfull \hbox (4.02335pt too wide) in paragraph at lines 477--477
[]\T1/pcr/m/n/10 ==============================================================
========[] 
 []


Overfull \hbox (4.02335pt too wide) in paragraph at lines 493--493
[]\T1/pcr/m/n/10 ==============================================================
========[] 
 []


Overfull \hbox (4.02335pt too wide) in paragraph at lines 497--497
[]\T1/pcr/m/n/10 --------------------------------------------------------------
--------[] 
 []


Overfull \hbox (4.02335pt too wide) in paragraph at lines 511--511
[]\T1/pcr/m/n/10 --------------------------------------------------------------
--------[] 
 []


Overfull \hbox (4.02335pt too wide) in paragraph at lines 515--515
[]\T1/pcr/m/n/10 --------------------------------------------------------------
--------[] 
 []


Overfull \hbox (4.02335pt too wide) in paragraph at lines 529--529
[]\T1/pcr/m/n/10 --------------------------------------------------------------
--------[] 
 []


Overfull \hbox (4.02335pt too wide) in paragraph at lines 533--533
[]\T1/pcr/m/n/10 --------------------------------------------------------------
--------[] 
 []


Overfull \hbox (4.02335pt too wide) in paragraph at lines 547--547
[]\T1/pcr/m/n/10 --------------------------------------------------------------
--------[] 
 []


Overfull \hbox (4.02335pt too wide) in paragraph at lines 551--551
[]\T1/pcr/m/n/10 --------------------------------------------------------------
--------[] 
 []


Overfull \hbox (4.02335pt too wide) in paragraph at lines 565--565
[]\T1/pcr/m/n/10 ==============================================================
========[] 
 []

[4]
Overfull \vbox (4.11993pt too high) has occurred while \output is active []


[5]
Package mdframed Info: mdframed inside twoside mode but
(mdframed)             works with oneside mode on input line 592.
Package mdframed Info: mdframed inside twoside mode but
(mdframed)             works with oneside mode on input line 602.

Overfull \hbox (4.02335pt too wide) in paragraph at lines 607--607
[]\T1/pcr/m/n/10 ==============================================================
========[] 
 []


Overfull \hbox (4.02335pt too wide) in paragraph at lines 623--623
[]\T1/pcr/m/n/10 ==============================================================
========[] 
 []


Overfull \hbox (4.02335pt too wide) in paragraph at lines 627--627
[]\T1/pcr/m/n/10 --------------------------------------------------------------
--------[] 
 []


Overfull \hbox (4.02335pt too wide) in paragraph at lines 633--633
[]\T1/pcr/m/n/10 ==============================================================
========[] 
 []

[6]
Package mdframed Info: mdframed inside twoside mode but
(mdframed)             works with oneside mode on input line 660.
Package mdframed Info: mdframed inside twoside mode but
(mdframed)             works with oneside mode on input line 670.

Overfull \hbox (4.02335pt too wide) in paragraph at lines 675--675
[]\T1/pcr/m/n/10 ==============================================================
========[] 
 []


Overfull \hbox (4.02335pt too wide) in paragraph at lines 691--691
[]\T1/pcr/m/n/10 ==============================================================
========[] 
 []


Overfull \hbox (4.02335pt too wide) in paragraph at lines 695--695
[]\T1/pcr/m/n/10 --------------------------------------------------------------
--------[] 
 []


Overfull \hbox (4.02335pt too wide) in paragraph at lines 697--697
[]\T1/pcr/m/n/10 intercept        0.3322      0.035      9.441      0.000      
   0.263[] 
 []


Overfull \hbox (4.02335pt too wide) in paragraph at lines 699--699
[]\T1/pcr/m/n/10 togo            -0.1417      0.002    -68.676      0.000      
  -0.146[] 
 []


Overfull \hbox (4.02335pt too wide) in paragraph at lines 701--701
[]\T1/pcr/m/n/10 ydline10t30      0.2740      0.035      7.912      0.000      
   0.206[] 
 []


Overfull \hbox (4.02335pt too wide) in paragraph at lines 703--703
[]\T1/pcr/m/n/10 ydline30t50      0.4415      0.033     13.261      0.000      
   0.376[] 
 []


Overfull \hbox (4.02335pt too wide) in paragraph at lines 705--705
[]\T1/pcr/m/n/10 ydline50t70      0.4682      0.032     14.554      0.000      
   0.405[] 
 []


Overfull \hbox (4.02335pt too wide) in paragraph at lines 707--707
[]\T1/pcr/m/n/10 ydline70t90      0.4394      0.033     13.149      0.000      
   0.374[] 
 []


Overfull \hbox (4.02335pt too wide) in paragraph at lines 709--709
[]\T1/pcr/m/n/10 ydline90t100     0.3284      0.063      5.242      0.000      
   0.206[] 
 []


Overfull \hbox (4.02335pt too wide) in paragraph at lines 711--711
[]\T1/pcr/m/n/10 offrankMid      -0.0136      0.001    -15.401      0.000      
  -0.015[] 
 []


Overfull \hbox (4.02335pt too wide) in paragraph at lines 713--713
[]\T1/pcr/m/n/10 offrank31t32    -0.4547      0.036    -12.807      0.000      
  -0.524[] 
 []


Overfull \hbox (4.02335pt too wide) in paragraph at lines 715--715
[]\T1/pcr/m/n/10 defrankMid       0.0062      0.001      7.073      0.000      
   0.005[] 
 []


Overfull \hbox (4.02335pt too wide) in paragraph at lines 717--717
[]\T1/pcr/m/n/10 defrank31t32     0.2090      0.035      5.922      0.000      
   0.140[] 
 []


Overfull \hbox (4.02335pt too wide) in paragraph at lines 719--719
[]\T1/pcr/m/n/10 ==============================================================
========[] 
 []

[7]
Package mdframed Info: mdframed inside twoside mode but
(mdframed)             works with oneside mode on input line 756.

<NFL-Go-For-It!_files/NFL-Go-For-It!_53_0.png, id=56, 399.4925pt x 282.05376pt>
File: NFL-Go-For-It!_files/NFL-Go-For-It!_53_0.png Graphic file (type png)
<use NFL-Go-For-It!_files/NFL-Go-For-It!_53_0.png>
Package pdftex.def Info: NFL-Go-For-It!_files/NFL-Go-For-It!_53_0.png used on i
nput line 759.
(pdftex.def)             Requested size: 399.49152pt x 282.05305pt.
 [8 <./NFL-Go-For-It!_files/NFL-Go-For-It!_53_0.png>]
Package mdframed Info: mdframed inside twoside mode but
(mdframed)             works with oneside mode on input line 780.

<NFL-Go-For-It!_files/NFL-Go-For-It!_55_0.png, id=63, 399.4925pt x 282.05376pt>
File: NFL-Go-For-It!_files/NFL-Go-For-It!_55_0.png Graphic file (type png)
<use NFL-Go-For-It!_files/NFL-Go-For-It!_55_0.png>
Package pdftex.def Info: NFL-Go-For-It!_files/NFL-Go-For-It!_55_0.png used on i
nput line 783.
(pdftex.def)             Requested size: 399.49152pt x 282.05305pt.
Package mdframed Info: Not enough space on this page on input line 787.
Package mdframed Info: mdframed inside twoside mode but
(mdframed)             works with oneside mode on input line 807.

<NFL-Go-For-It!_files/NFL-Go-For-It!_57_0.png, id=64, 640.3925pt x 477.785pt>
File: NFL-Go-For-It!_files/NFL-Go-For-It!_57_0.png Graphic file (type png)

<use NFL-Go-For-It!_files/NFL-Go-For-It!_57_0.png>
Package pdftex.def Info: NFL-Go-For-It!_files/NFL-Go-For-It!_57_0.png used on i
nput line 810.
(pdftex.def)             Requested size: 640.39093pt x 477.78383pt.
 [9 <./NFL-Go-For-It!_files/NFL-Go-For-It!_55_0.png>]
Package mdframed Info: mdframed inside twoside mode but
(mdframed)             works with oneside mode on input line 830.

<NFL-Go-For-It!_files/NFL-Go-For-It!_58_0.png, id=70, 636.3775pt x 494.84875pt>
File: NFL-Go-For-It!_files/NFL-Go-For-It!_58_0.png Graphic file (type png)
<use NFL-Go-For-It!_files/NFL-Go-For-It!_58_0.png>
Package pdftex.def Info: NFL-Go-For-It!_files/NFL-Go-For-It!_58_0.png used on i
nput line 833.
(pdftex.def)             Requested size: 636.37595pt x 494.84755pt.

Overfull \vbox (4.98956pt too high) detected at line 837
 []

Package mdframed Info: Box was splittet wrong
(mdframed)              on input line 837.

Overfull \vbox (11.08438pt too high) detected at line 837
 []


Overfull \vbox (22.18964pt too high) detected at line 837
 []

Package mdframed Info: Box was splittet wrong
(mdframed)              on input line 837.

Overfull \vbox (36.88449pt too high) detected at line 837
 []


Overfull \vbox (39.38971pt too high) detected at line 837
 []

Package mdframed Info: Box was splittet wrong
(mdframed)              on input line 837.

Overfull \vbox (62.6846pt too high) detected at line 837
 []


Overfull \vbox (56.58978pt too high) detected at line 837
 []

Package mdframed Info: Box was splittet wrong
(mdframed)              on input line 837.

Overfull \vbox (88.48471pt too high) detected at line 837
 []


Overfull \vbox (73.78986pt too high) detected at line 837
 []

Package mdframed Info: Box was splittet wrong
(mdframed)              on input line 837.

Overfull \vbox (114.28482pt too high) detected at line 837
 []


Overfull \vbox (90.98993pt too high) detected at line 837
 []

Package mdframed Info: Box was splittet wrong
(mdframed)              on input line 837.

Overfull \vbox (140.08493pt too high) detected at line 837
 []


Overfull \vbox (108.19pt too high) detected at line 837
 []

Package mdframed Info: Box was splittet wrong
(mdframed)              on input line 837.

Overfull \vbox (165.88504pt too high) detected at line 837
 []


Overfull \vbox (125.39008pt too high) detected at line 837
 []

Package mdframed Info: Box was splittet wrong
(mdframed)              on input line 837.

Overfull \vbox (191.68515pt too high) detected at line 837
 []


Overfull \vbox (142.59015pt too high) detected at line 837
 []

Package mdframed Info: Box was splittet wrong
(mdframed)              on input line 837.

Overfull \vbox (217.48526pt too high) detected at line 837
 []


Overfull \vbox (159.79022pt too high) detected at line 837
 []

Package mdframed Info: Box was splittet wrong
(mdframed)              on input line 837.

Overfull \vbox (243.28537pt too high) detected at line 837
 []


Overfull \vbox (176.9903pt too high) detected at line 837
 []

Package mdframed Info: Box was splittet wrong
(mdframed)              on input line 837.

Overfull \vbox (269.08548pt too high) detected at line 837
 []


Overfull \vbox (194.19037pt too high) detected at line 837
 []

Package mdframed Info: Box was splittet wrong
(mdframed)              on input line 837.

Overfull \vbox (294.88559pt too high) detected at line 837
 []


Overfull \vbox (211.39044pt too high) detected at line 837
 []

Package mdframed Info: Box was splittet wrong
(mdframed)              on input line 837.

Overfull \vbox (320.6857pt too high) detected at line 837
 []


Overfull \vbox (228.59052pt too high) detected at line 837
 []

Package mdframed Info: Box was splittet wrong
(mdframed)              on input line 837.

Overfull \vbox (346.48581pt too high) detected at line 837
 []


Overfull \vbox (245.79059pt too high) detected at line 837
 []

Package mdframed Info: Box was splittet wrong
(mdframed)              on input line 837.

Overfull \vbox (372.28592pt too high) detected at line 837
 []


Overfull \vbox (262.99066pt too high) detected at line 837
 []

Package mdframed Info: Box was splittet wrong
(mdframed)              on input line 837.

Overfull \vbox (398.08603pt too high) detected at line 837
 []


Overfull \vbox (280.19073pt too high) detected at line 837
 []

Package mdframed Info: Box was splittet wrong
(mdframed)              on input line 837.

Overfull \vbox (423.88614pt too high) detected at line 837
 []


Overfull \vbox (297.39081pt too high) detected at line 837
 []

Package mdframed Info: Box was splittet wrong
(mdframed)              on input line 837.

Overfull \vbox (449.68625pt too high) detected at line 837
 []


Overfull \vbox (314.59088pt too high) detected at line 837
 []

Package mdframed Info: Box was splittet wrong
(mdframed)              on input line 837.

Overfull \vbox (475.48636pt too high) detected at line 837
 []


Overfull \vbox (331.79095pt too high) detected at line 837
 []

Package mdframed Info: Box was splittet wrong
(mdframed)              on input line 837.

Overfull \vbox (501.28647pt too high) detected at line 837
 []


Overfull \vbox (348.99103pt too high) detected at line 837
 []

Package mdframed Info: Box was splittet wrong
(mdframed)              on input line 837.

Overfull \vbox (527.08658pt too high) detected at line 837
 []


Overfull \vbox (366.1911pt too high) detected at line 837
 []

Package mdframed Info: Box was splittet wrong
(mdframed)              on input line 837.

Overfull \vbox (552.88669pt too high) detected at line 837
 []


Overfull \vbox (383.39117pt too high) detected at line 837
 []

Package mdframed Info: Box was splittet wrong
(mdframed)              on input line 837.

Overfull \vbox (578.6868pt too high) detected at line 837
 []


Overfull \vbox (400.59125pt too high) detected at line 837
 []

Package mdframed Info: Box was splittet wrong
(mdframed)              on input line 837.

Overfull \vbox (604.48691pt too high) detected at line 837
 []


Overfull \vbox (417.79132pt too high) detected at line 837
 []

Package mdframed Info: Box was splittet wrong
(mdframed)              on input line 837.

Overfull \vbox (630.28702pt too high) detected at line 837
 []


Overfull \vbox (434.9914pt too high) detected at line 837
 []

Package mdframed Info: Box was splittet wrong
(mdframed)              on input line 837.

Overfull \vbox (656.08713pt too high) detected at line 837
 []


Overfull \vbox (452.19147pt too high) detected at line 837
 []

Package mdframed Info: Box was splittet wrong
(mdframed)              on input line 837.

Overfull \vbox (681.88724pt too high) detected at line 837
 []


Overfull \vbox (469.39154pt too high) detected at line 837
 []

Package mdframed Info: Box was splittet wrong
(mdframed)              on input line 837.

Overfull \vbox (707.68735pt too high) detected at line 837
 []


Overfull \vbox (486.59161pt too high) detected at line 837
 []

Package mdframed Info: Box was splittet wrong
(mdframed)              on input line 837.

Overfull \vbox (733.48746pt too high) detected at line 837
 []


Overfull \vbox (503.79169pt too high) detected at line 837
 []

Package mdframed Info: Box was splittet wrong
(mdframed)              on input line 837.

Overfull \vbox (759.28757pt too high) detected at line 837
 []

Package mdframed Info: Not enough space on this page on input line 837.
[10 <./NFL-Go-For-It!_files/NFL-Go-For-It!_57_0.png>]
Package mdframed Info: Not enough space on this page on input line 837.
Package mdframed Info: mdframed inside twoside mode but
(mdframed)             works with oneside mode on input line 853.

<NFL-Go-For-It!_files/NFL-Go-For-It!_59_0.png, id=76, 636.3775pt x 498.86375pt>
File: NFL-Go-For-It!_files/NFL-Go-For-It!_59_0.png Graphic file (type png)
<use NFL-Go-For-It!_files/NFL-Go-For-It!_59_0.png>
Package pdftex.def Info: NFL-Go-For-It!_files/NFL-Go-For-It!_59_0.png used on i
nput line 856.
(pdftex.def)             Requested size: 636.37595pt x 498.86253pt.

Overfull \vbox (236.71652pt too high) detected at line 860
 []

Package mdframed Info: Box was splittet wrong
(mdframed)              on input line 860.

Overfull \vbox (358.67482pt too high) detected at line 860
 []


Overfull \vbox (253.9166pt too high) detected at line 860
 []

Package mdframed Info: Box was splittet wrong
(mdframed)              on input line 860.

Overfull \vbox (384.47493pt too high) detected at line 860
 []


Overfull \vbox (271.11667pt too high) detected at line 860
 []

Package mdframed Info: Box was splittet wrong
(mdframed)              on input line 860.

Overfull \vbox (410.27504pt too high) detected at line 860
 []


Overfull \vbox (288.31674pt too high) detected at line 860
 []

Package mdframed Info: Box was splittet wrong
(mdframed)              on input line 860.

Overfull \vbox (436.07515pt too high) detected at line 860
 []


Overfull \vbox (305.51682pt too high) detected at line 860
 []

Package mdframed Info: Box was splittet wrong
(mdframed)              on input line 860.

Overfull \vbox (461.87526pt too high) detected at line 860
 []


Overfull \vbox (322.71689pt too high) detected at line 860
 []

Package mdframed Info: Box was splittet wrong
(mdframed)              on input line 860.

Overfull \vbox (487.67537pt too high) detected at line 860
 []


Overfull \vbox (339.91696pt too high) detected at line 860
 []

Package mdframed Info: Box was splittet wrong
(mdframed)              on input line 860.

Overfull \vbox (513.47548pt too high) detected at line 860
 []

[11 <./NFL-Go-For-It!_files/NFL-Go-For-It!_58_0.png>]
Package mdframed Info: mdframed inside twoside mode but
(mdframed)             works with oneside mode on input line 876.

<NFL-Go-For-It!_files/NFL-Go-For-It!_60_0.png, id=82, 632.3625pt x 503.8825pt>
File: NFL-Go-For-It!_files/NFL-Go-For-It!_60_0.png Graphic file (type png)

<use NFL-Go-For-It!_files/NFL-Go-For-It!_60_0.png>
Package pdftex.def Info: NFL-Go-For-It!_files/NFL-Go-For-It!_60_0.png used on i
nput line 879.
(pdftex.def)             Requested size: 632.36096pt x 503.88127pt.
 [12 <./NFL-Go-For-It!_files/NFL-Go-For-It!_59_0.png>]
Package mdframed Info: mdframed inside twoside mode but
(mdframed)             works with oneside mode on input line 902.

<NFL-Go-For-It!_files/NFL-Go-For-It!_63_0.png, id=88, 809.0225pt x 646.415pt>
File: NFL-Go-For-It!_files/NFL-Go-For-It!_63_0.png Graphic file (type png)

<use NFL-Go-For-It!_files/NFL-Go-For-It!_63_0.png>
Package pdftex.def Info: NFL-Go-For-It!_files/NFL-Go-For-It!_63_0.png used on i
nput line 905.
(pdftex.def)             Requested size: 809.02054pt x 646.41342pt.
 [13 <./NFL-Go-For-It!_files/NFL-Go-For-It!_60_0.png>]
Package mdframed Info: mdframed inside twoside mode but
(mdframed)             works with oneside mode on input line 928.

<NFL-Go-For-It!_files/NFL-Go-For-It!_66_0.png, id=95, 809.0225pt x 646.415pt>
File: NFL-Go-For-It!_files/NFL-Go-For-It!_66_0.png Graphic file (type png)

<use NFL-Go-For-It!_files/NFL-Go-For-It!_66_0.png>
Package pdftex.def Info: NFL-Go-For-It!_files/NFL-Go-For-It!_66_0.png used on i
nput line 931.
(pdftex.def)             Requested size: 809.02054pt x 646.41342pt.
 [14 <./NFL-Go-For-It!_files/NFL-Go-For-It!_63_0.png>]
Package mdframed Info: mdframed inside twoside mode but
(mdframed)             works with oneside mode on input line 954.

<NFL-Go-For-It!_files/NFL-Go-For-It!_69_0.png, id=101, 640.3925pt x 512.91624pt
>
File: NFL-Go-For-It!_files/NFL-Go-For-It!_69_0.png Graphic file (type png)
 <use NFL-Go-For-It!_files/NFL-Go-For-It!_69_0.png>
Package pdftex.def Info: NFL-Go-For-It!_files/NFL-Go-For-It!_69_0.png used on i
nput line 957.
(pdftex.def)             Requested size: 640.39093pt x 512.915pt.
 [15 <./NFL-Go-For-It!_files/NFL-Go-For-It!_66_0.png>]
Package mdframed Info: mdframed inside twoside mode but
(mdframed)             works with oneside mode on input line 982.

<NFL-Go-For-It!_files/NFL-Go-For-It!_75_0.png, id=107, 931.48pt x 398.48875pt>
File: NFL-Go-For-It!_files/NFL-Go-For-It!_75_0.png Graphic file (type png)

<use NFL-Go-For-It!_files/NFL-Go-For-It!_75_0.png>
Package pdftex.def Info: NFL-Go-For-It!_files/NFL-Go-For-It!_75_0.png used on i
nput line 985.
(pdftex.def)             Requested size: 931.47772pt x 398.48778pt.
Package mdframed Info: mdframed inside twoside mode but
(mdframed)             works with oneside mode on input line 1007.

<NFL-Go-For-It!_files/NFL-Go-For-It!_78_0.png, id=108, 931.48pt x 398.48875pt>
File: NFL-Go-For-It!_files/NFL-Go-For-It!_78_0.png Graphic file (type png)

<use NFL-Go-For-It!_files/NFL-Go-For-It!_78_0.png>
Package pdftex.def Info: NFL-Go-For-It!_files/NFL-Go-For-It!_78_0.png used on i
nput line 1010.
(pdftex.def)             Requested size: 931.47772pt x 398.48778pt.
 [16 <./NFL-Go-For-It!_files/NFL-Go-For-It!_69_0.png> <./NFL-Go-For-It!_files/N
FL-Go-For-It!_75_0.png>]
Package mdframed Info: mdframed inside twoside mode but
(mdframed)             works with oneside mode on input line 1032.

<NFL-Go-For-It!_files/NFL-Go-For-It!_81_0.png, id=115, 931.48pt x 398.48875pt>
File: NFL-Go-For-It!_files/NFL-Go-For-It!_81_0.png Graphic file (type png)

<use NFL-Go-For-It!_files/NFL-Go-For-It!_81_0.png>
Package pdftex.def Info: NFL-Go-For-It!_files/NFL-Go-For-It!_81_0.png used on i
nput line 1035.
(pdftex.def)             Requested size: 931.47772pt x 398.48778pt.
Package mdframed Info: mdframed inside twoside mode but
(mdframed)             works with oneside mode on input line 1057.

<NFL-Go-For-It!_files/NFL-Go-For-It!_84_0.png, id=116, 931.48pt x 398.48875pt>
File: NFL-Go-For-It!_files/NFL-Go-For-It!_84_0.png Graphic file (type png)

<use NFL-Go-For-It!_files/NFL-Go-For-It!_84_0.png>
Package pdftex.def Info: NFL-Go-For-It!_files/NFL-Go-For-It!_84_0.png used on i
nput line 1060.
(pdftex.def)             Requested size: 931.47772pt x 398.48778pt.
 [17 <./NFL-Go-For-It!_files/NFL-Go-For-It!_78_0.png> <./NFL-Go-For-It!_files/N
FL-Go-For-It!_81_0.png> <./NFL-Go-For-It!_files/NFL-Go-For-It!_84_0.png>]
Package mdframed Info: mdframed inside twoside mode but
(mdframed)             works with oneside mode on input line 1081.

<NFL-Go-For-It!_files/NFL-Go-For-It!_86_0.png, id=124, 481.8pt x 481.8pt>
File: NFL-Go-For-It!_files/NFL-Go-For-It!_86_0.png Graphic file (type png)

<use NFL-Go-For-It!_files/NFL-Go-For-It!_86_0.png>
Package pdftex.def Info: NFL-Go-For-It!_files/NFL-Go-For-It!_86_0.png used on i
nput line 1084.
(pdftex.def)             Requested size: 481.79881pt x 481.79881pt.
Package mdframed Info: mdframed inside twoside mode but
(mdframed)             works with oneside mode on input line 1105.

<NFL-Go-For-It!_files/NFL-Go-For-It!_88_0.png, id=125, 481.8pt x 481.8pt>
File: NFL-Go-For-It!_files/NFL-Go-For-It!_88_0.png Graphic file (type png)

<use NFL-Go-For-It!_files/NFL-Go-For-It!_88_0.png>
Package pdftex.def Info: NFL-Go-For-It!_files/NFL-Go-For-It!_88_0.png used on i
nput line 1108.
(pdftex.def)             Requested size: 481.79881pt x 481.79881pt.
 [18 <./NFL-Go-For-It!_files/NFL-Go-For-It!_86_0.png>]
Package mdframed Info: mdframed inside twoside mode but
(mdframed)             works with oneside mode on input line 1129.

<NFL-Go-For-It!_files/NFL-Go-For-It!_90_0.png, id=131, 481.8pt x 481.8pt>
File: NFL-Go-For-It!_files/NFL-Go-For-It!_90_0.png Graphic file (type png)

<use NFL-Go-For-It!_files/NFL-Go-For-It!_90_0.png>
Package pdftex.def Info: NFL-Go-For-It!_files/NFL-Go-For-It!_90_0.png used on i
nput line 1132.
(pdftex.def)             Requested size: 481.79881pt x 481.79881pt.
 [19 <./NFL-Go-For-It!_files/NFL-Go-For-It!_88_0.png>]
Package mdframed Info: mdframed inside twoside mode but
(mdframed)             works with oneside mode on input line 1153.

<NFL-Go-For-It!_files/NFL-Go-For-It!_92_0.png, id=138, 481.8pt x 481.8pt>
File: NFL-Go-For-It!_files/NFL-Go-For-It!_92_0.png Graphic file (type png)

<use NFL-Go-For-It!_files/NFL-Go-For-It!_92_0.png>
Package pdftex.def Info: NFL-Go-For-It!_files/NFL-Go-For-It!_92_0.png used on i
nput line 1156.
(pdftex.def)             Requested size: 481.79881pt x 481.79881pt.
 [20 <./NFL-Go-For-It!_files/NFL-Go-For-It!_90_0.png>]
No file NFL-Go-For-It!.ind.
Package atveryend Info: Empty hook `BeforeClearDocument' on input line 1171.
[21 <./NFL-Go-For-It!_files/NFL-Go-For-It!_92_0.png>]
Package atveryend Info: Empty hook `AfterLastShipout' on input line 1171.
 (./NFL-Go-For-It!.aux)
Package atveryend Info: Executing hook `AtVeryEndDocument' on input line 1171.
Package atveryend Info: Executing hook `AtEndAfterFileList' on input line 1171.

Package rerunfilecheck Info: File `NFL-Go-For-It!.out' has not changed.
(rerunfilecheck)             Checksum: D41D8CD98F00B204E9800998ECF8427E;0.
Package atveryend Info: Empty hook `AtVeryVeryEnd' on input line 1171.
 ) 
Here is how much of TeX's memory you used:
 25738 strings out of 493488
 446876 string characters out of 3141326
 576147 words of memory out of 3000000
 28462 multiletter control sequences out of 15000+200000
 31749 words of font info for 45 fonts, out of 3000000 for 9000
 958 hyphenation exceptions out of 8191
 56i,10n,78p,933b,831s stack positions out of 5000i,500n,10000p,200000b,50000s
{/usr/local/texlive/2012/texmf-dist/fonts/enc/dvips/base/8r.enc}</usr/local/t
exlive/2012/texmf-dist/fonts/type1/urw/courier/ucrr8a.pfb></usr/local/texlive/2
012/texmf-dist/fonts/type1/urw/helvetic/uhvb8a.pfb></usr/local/texlive/2012/tex
mf-dist/fonts/type1/urw/times/utmr8a.pfb>
Output written on NFL-Go-For-It!.pdf (21 pages, 895061 bytes).
PDF statistics:
 168 PDF objects out of 1000 (max. 8388607)
 91 compressed objects within 1 object stream
 22 named destinations out of 1000 (max. 500000)
 194 words of extra memory for PDF output out of 10000 (max. 10000000)

